{"/home/travis/build/npmtest/node-npmtest-sockjs-client/test.js":{"path":"/home/travis/build/npmtest/node-npmtest-sockjs-client/test.js","s":{"1":2,"2":2,"3":2,"4":2,"5":2,"6":2,"7":2,"8":1,"9":2,"10":2,"11":1,"12":1,"13":1,"14":1,"15":2,"16":2,"17":2,"18":2,"19":1,"20":1,"21":2,"22":2,"23":2,"24":1,"25":1,"26":1,"27":1,"28":1,"29":1,"30":1,"31":1,"32":1,"33":1,"34":1,"35":1,"36":1,"37":1,"38":1,"39":2,"40":2,"41":1,"42":2,"43":2,"44":1,"45":2,"46":2,"47":1,"48":2,"49":2,"50":1,"51":1,"52":1,"53":1,"54":1},"b":{"1":[2,1,1,1],"2":[1,1,1,1],"3":[1,1],"4":[1,1],"5":[1,1],"6":[1,1],"7":[1,1],"8":[1,1],"9":[1,1],"10":[1,1,1],"11":[1,1],"12":[1,1],"13":[1,1],"14":[1,1],"15":[1,1],"16":[1,1],"17":[1,1]},"f":{"1":2,"2":2,"3":2,"4":2,"5":2,"6":1,"7":1,"8":1,"9":2,"10":2,"11":2,"12":2,"13":1},"fnMap":{"1":{"name":"(anonymous_1)","line":12,"loc":{"start":{"line":12,"column":1},"end":{"line":12,"column":13}}},"2":{"name":"(anonymous_2)","line":19,"loc":{"start":{"line":19,"column":5},"end":{"line":19,"column":17}}},"3":{"name":"(anonymous_3)","line":23,"loc":{"start":{"line":23,"column":24},"end":{"line":23,"column":36}}},"4":{"name":"(anonymous_4)","line":61,"loc":{"start":{"line":61,"column":5},"end":{"line":61,"column":17}}},"5":{"name":"(anonymous_5)","line":82,"loc":{"start":{"line":82,"column":5},"end":{"line":82,"column":17}}},"6":{"name":"(anonymous_6)","line":91,"loc":{"start":{"line":91,"column":77},"end":{"line":94,"column":10}}},"7":{"name":"(anonymous_7)","line":112,"loc":{"start":{"line":112,"column":83},"end":{"line":115,"column":10}},"skip":true},"8":{"name":"(anonymous_8)","line":123,"loc":{"start":{"line":123,"column":77},"end":{"line":126,"column":10}},"skip":true},"9":{"name":"(anonymous_9)","line":139,"loc":{"start":{"line":139,"column":12},"end":{"line":139,"column":40}},"skip":true},"10":{"name":"(anonymous_10)","line":147,"loc":{"start":{"line":147,"column":77},"end":{"line":150,"column":10}},"skip":true},"11":{"name":"(anonymous_11)","line":158,"loc":{"start":{"line":158,"column":83},"end":{"line":161,"column":10}},"skip":true},"12":{"name":"(anonymous_12)","line":169,"loc":{"start":{"line":169,"column":79},"end":{"line":172,"column":10}},"skip":true},"13":{"name":"(anonymous_13)","line":180,"loc":{"start":{"line":180,"column":75},"end":{"line":183,"column":10}},"skip":true}},"statementMap":{"1":{"start":{"line":12,"column":0},"end":{"line":195,"column":5}},"2":{"start":{"line":14,"column":4},"end":{"line":14,"column":14}},"3":{"start":{"line":19,"column":4},"end":{"line":56,"column":9}},"4":{"start":{"line":21,"column":8},"end":{"line":21,"column":19}},"5":{"start":{"line":23,"column":8},"end":{"line":35,"column":13}},"6":{"start":{"line":24,"column":12},"end":{"line":34,"column":13}},"7":{"start":{"line":25,"column":16},"end":{"line":28,"column":30}},"8":{"start":{"line":30,"column":16},"end":{"line":33,"column":27}},"9":{"start":{"line":37,"column":8},"end":{"line":39,"column":21}},"10":{"start":{"line":40,"column":8},"end":{"line":53,"column":9}},"11":{"start":{"line":43,"column":12},"end":{"line":46,"column":14}},"12":{"start":{"line":47,"column":12},"end":{"line":47,"column":18}},"13":{"start":{"line":50,"column":12},"end":{"line":51,"column":46}},"14":{"start":{"line":52,"column":12},"end":{"line":52,"column":18}},"15":{"start":{"line":55,"column":8},"end":{"line":55,"column":35}},"16":{"start":{"line":61,"column":4},"end":{"line":63,"column":9}},"17":{"start":{"line":62,"column":8},"end":{"line":62,"column":15}},"18":{"start":{"line":64,"column":4},"end":{"line":77,"column":5}},"19":{"start":{"line":70,"column":8},"end":{"line":70,"column":14}},"20":{"start":{"line":76,"column":8},"end":{"line":76,"column":14}},"21":{"start":{"line":82,"column":4},"end":{"line":84,"column":9}},"22":{"start":{"line":83,"column":8},"end":{"line":83,"column":15}},"23":{"start":{"line":85,"column":4},"end":{"line":194,"column":5}},"24":{"start":{"line":91,"column":8},"end":{"line":99,"column":10}},"25":{"start":{"line":98,"column":12},"end":{"line":98,"column":35}},"26":{"start":{"line":102,"column":8},"end":{"line":104,"column":63}},"27":{"start":{"line":105,"column":8},"end":{"line":105,"column":14}},"28":{"start":{"line":112,"column":8},"end":{"line":121,"column":10},"skip":true},"29":{"start":{"line":119,"column":12},"end":{"line":119,"column":55},"skip":true},"30":{"start":{"line":120,"column":12},"end":{"line":120,"column":48},"skip":true},"31":{"start":{"line":123,"column":8},"end":{"line":136,"column":10},"skip":true},"32":{"start":{"line":130,"column":12},"end":{"line":130,"column":76},"skip":true},"33":{"start":{"line":131,"column":12},"end":{"line":131,"column":73},"skip":true},"34":{"start":{"line":132,"column":12},"end":{"line":132,"column":74},"skip":true},"35":{"start":{"line":133,"column":12},"end":{"line":133,"column":79},"skip":true},"36":{"start":{"line":134,"column":12},"end":{"line":134,"column":25},"skip":true},"37":{"start":{"line":135,"column":12},"end":{"line":135,"column":45},"skip":true},"38":{"start":{"line":138,"column":8},"end":{"line":145,"column":14},"skip":true},"39":{"start":{"line":143,"column":16},"end":{"line":143,"column":29},"skip":true},"40":{"start":{"line":144,"column":16},"end":{"line":144,"column":55},"skip":true},"41":{"start":{"line":147,"column":8},"end":{"line":156,"column":10},"skip":true},"42":{"start":{"line":154,"column":12},"end":{"line":154,"column":25},"skip":true},"43":{"start":{"line":155,"column":12},"end":{"line":155,"column":45},"skip":true},"44":{"start":{"line":158,"column":8},"end":{"line":167,"column":10},"skip":true},"45":{"start":{"line":165,"column":12},"end":{"line":165,"column":25},"skip":true},"46":{"start":{"line":166,"column":12},"end":{"line":166,"column":48},"skip":true},"47":{"start":{"line":169,"column":8},"end":{"line":178,"column":10},"skip":true},"48":{"start":{"line":176,"column":12},"end":{"line":176,"column":25},"skip":true},"49":{"start":{"line":177,"column":12},"end":{"line":177,"column":46},"skip":true},"50":{"start":{"line":180,"column":8},"end":{"line":189,"column":10},"skip":true},"51":{"start":{"line":187,"column":12},"end":{"line":187,"column":94},"skip":true},"52":{"start":{"line":188,"column":12},"end":{"line":188,"column":48},"skip":true},"53":{"start":{"line":192,"column":8},"end":{"line":192,"column":35},"skip":true},"54":{"start":{"line":193,"column":8},"end":{"line":193,"column":14},"skip":true}},"branchMap":{"1":{"line":25,"type":"binary-expr","locations":[{"start":{"line":25,"column":23},"end":{"line":25,"column":62}},{"start":{"line":26,"column":20},"end":{"line":26,"column":70}},{"start":{"line":27,"column":20},"end":{"line":27,"column":71}},{"start":{"line":28,"column":20},"end":{"line":28,"column":29}}]},"2":{"line":30,"type":"binary-expr","locations":[{"start":{"line":30,"column":23},"end":{"line":30,"column":37}},{"start":{"line":31,"column":20},"end":{"line":31,"column":61}},{"start":{"line":32,"column":20},"end":{"line":32,"column":70}},{"start":{"line":33,"column":20},"end":{"line":33,"column":26}}]},"3":{"line":37,"type":"cond-expr","locations":[{"start":{"line":38,"column":14},"end":{"line":38,"column":20}},{"start":{"line":39,"column":14},"end":{"line":39,"column":20}}]},"4":{"line":40,"type":"switch","locations":[{"start":{"line":42,"column":8},"end":{"line":47,"column":18}},{"start":{"line":49,"column":8},"end":{"line":52,"column":18}}]},"5":{"line":44,"type":"binary-expr","locations":[{"start":{"line":44,"column":16},"end":{"line":44,"column":44}},{"start":{"line":44,"column":48},"end":{"line":44,"column":66}}]},"6":{"line":50,"type":"binary-expr","locations":[{"start":{"line":50,"column":21},"end":{"line":50,"column":49}},{"start":{"line":50,"column":53},"end":{"line":50,"column":72}}]},"7":{"line":64,"type":"switch","locations":[{"start":{"line":69,"column":4},"end":{"line":70,"column":14}},{"start":{"line":75,"column":4},"end":{"line":76,"column":14}}]},"8":{"line":85,"type":"switch","locations":[{"start":{"line":90,"column":4},"end":{"line":105,"column":14}},{"start":{"line":111,"column":4},"end":{"line":193,"column":14},"skip":true}]},"9":{"line":91,"type":"binary-expr","locations":[{"start":{"line":91,"column":42},"end":{"line":91,"column":73}},{"start":{"line":91,"column":77},"end":{"line":99,"column":9}}]},"10":{"line":102,"type":"binary-expr","locations":[{"start":{"line":102,"column":18},"end":{"line":102,"column":32}},{"start":{"line":103,"column":12},"end":{"line":103,"column":53}},{"start":{"line":104,"column":12},"end":{"line":104,"column":61}}]},"11":{"line":112,"type":"binary-expr","locations":[{"start":{"line":112,"column":45},"end":{"line":112,"column":79},"skip":true},{"start":{"line":112,"column":83},"end":{"line":121,"column":9},"skip":true}]},"12":{"line":123,"type":"binary-expr","locations":[{"start":{"line":123,"column":42},"end":{"line":123,"column":73},"skip":true},{"start":{"line":123,"column":77},"end":{"line":136,"column":9},"skip":true}]},"13":{"line":138,"type":"binary-expr","locations":[{"start":{"line":138,"column":48},"end":{"line":138,"column":85},"skip":true},{"start":{"line":139,"column":12},"end":{"line":145,"column":13},"skip":true}]},"14":{"line":147,"type":"binary-expr","locations":[{"start":{"line":147,"column":42},"end":{"line":147,"column":73},"skip":true},{"start":{"line":147,"column":77},"end":{"line":156,"column":9},"skip":true}]},"15":{"line":158,"type":"binary-expr","locations":[{"start":{"line":158,"column":45},"end":{"line":158,"column":79},"skip":true},{"start":{"line":158,"column":83},"end":{"line":167,"column":9},"skip":true}]},"16":{"line":169,"type":"binary-expr","locations":[{"start":{"line":169,"column":43},"end":{"line":169,"column":75},"skip":true},{"start":{"line":169,"column":79},"end":{"line":178,"column":9},"skip":true}]},"17":{"line":180,"type":"binary-expr","locations":[{"start":{"line":180,"column":41},"end":{"line":180,"column":71},"skip":true},{"start":{"line":180,"column":75},"end":{"line":189,"column":9},"skip":true}]}},"code":["/* istanbul instrument in package npmtest_sockjs_client */","/*jslint","    bitwise: true,","    browser: true,","    maxerr: 8,","    maxlen: 96,","    node: true,","    nomen: true,","    regexp: true,","    stupid: true","*/","(function () {","    'use strict';","    var local;","","","","    // run shared js-env code - pre-init","    (function () {","        // init local","        local = {};","        // init modeJs","        local.modeJs = (function () {","            try {","                return typeof navigator.userAgent === 'string' &&","                    typeof document.querySelector('body') === 'object' &&","                    typeof XMLHttpRequest.prototype.open === 'function' &&","                    'browser';","            } catch (errorCaughtBrowser) {","                return module.exports &&","                    typeof process.versions.node === 'string' &&","                    typeof require('http').createServer === 'function' &&","                    'node';","            }","        }());","        // init global","        local.global = local.modeJs === 'browser'","            ? window","            : global;","        switch (local.modeJs) {","        // re-init local from window.local","        case 'browser':","            local = local.global.utility2.objectSetDefault(","                local.global.utility2_rollup || local.global.local,","                local.global.utility2","            );","            break;","        // re-init local from example.js","        case 'node':","            local = (local.global.utility2_rollup || require('utility2'))","                .requireExampleJsFromReadme();","            break;","        }","        // export local","        local.global.local = local;","    }());","","","","    // run shared js-env code - function","    (function () {","        return;","    }());","    switch (local.modeJs) {","","","","    // run browser js-env code - function","    case 'browser':","        break;","","","","    // run node js-env code - function","    case 'node':","        break;","    }","","","","    // run shared js-env code - post-init","    (function () {","        return;","    }());","    switch (local.modeJs) {","","","","    // run browser js-env code - post-init","    case 'browser':","        local.testCase_browser_nullCase = local.testCase_browser_nullCase || function (","            options,","            onError","        ) {","        /*","         * this function will test browsers's null-case handling-behavior-behavior","         */","            onError(null, options);","        };","","        // run tests","        local.nop(local.modeTest &&","            document.querySelector('#testRunButton1') &&","            document.querySelector('#testRunButton1').click());","        break;","","","","    // run node js-env code - post-init","    /* istanbul ignore next */","    case 'node':","        local.testCase_buildApidoc_default = local.testCase_buildApidoc_default || function (","            options,","            onError","        ) {","        /*","         * this function will test buildApidoc's default handling-behavior-behavior","         */","            options = { modulePathList: module.paths };","            local.buildApidoc(options, onError);","        };","","        local.testCase_buildApp_default = local.testCase_buildApp_default || function (","            options,","            onError","        ) {","        /*","         * this function will test buildApp's default handling-behavior-behavior","         */","            local.testCase_buildReadme_default(options, local.onErrorThrow);","            local.testCase_buildLib_default(options, local.onErrorThrow);","            local.testCase_buildTest_default(options, local.onErrorThrow);","            local.testCase_buildCustomOrg_default(options, local.onErrorThrow);","            options = [];","            local.buildApp(options, onError);","        };","","        local.testCase_buildCustomOrg_default = local.testCase_buildCustomOrg_default ||","            function (options, onError) {","            /*","             * this function will test buildCustomOrg's default handling-behavior","             */","                options = {};","                local.buildCustomOrg(options, onError);","            };","","        local.testCase_buildLib_default = local.testCase_buildLib_default || function (","            options,","            onError","        ) {","        /*","         * this function will test buildLib's default handling-behavior","         */","            options = {};","            local.buildLib(options, onError);","        };","","        local.testCase_buildReadme_default = local.testCase_buildReadme_default || function (","            options,","            onError","        ) {","        /*","         * this function will test buildReadme's default handling-behavior-behavior","         */","            options = {};","            local.buildReadme(options, onError);","        };","","        local.testCase_buildTest_default = local.testCase_buildTest_default || function (","            options,","            onError","        ) {","        /*","         * this function will test buildTest's default handling-behavior","         */","            options = {};","            local.buildTest(options, onError);","        };","","        local.testCase_webpage_default = local.testCase_webpage_default || function (","            options,","            onError","        ) {","        /*","         * this function will test webpage's default handling-behavior","         */","            options = { modeCoverageMerge: true, url: local.serverLocalHost + '?modeTest=1' };","            local.browserTest(options, onError);","        };","","        // run test-server","        local.testRunServer(local);","        break;","    }","}());",""],"l":{"12":2,"14":2,"19":2,"21":2,"23":2,"24":2,"25":2,"30":1,"37":2,"40":2,"43":1,"47":1,"50":1,"52":1,"55":2,"61":2,"62":2,"64":2,"70":1,"76":1,"82":2,"83":2,"85":2,"91":1,"98":1,"102":1,"105":1,"112":1,"119":1,"120":1,"123":1,"130":1,"131":1,"132":1,"133":1,"134":1,"135":1,"138":1,"143":2,"144":2,"147":1,"154":2,"155":2,"158":1,"165":2,"166":2,"169":1,"176":2,"177":2,"180":1,"187":1,"188":1,"192":1,"193":1}},"/home/travis/build/npmtest/node-npmtest-sockjs-client/lib.npmtest_sockjs_client.js":{"path":"/home/travis/build/npmtest/node-npmtest-sockjs-client/lib.npmtest_sockjs_client.js","s":{"1":2,"2":2,"3":2,"4":2,"5":2,"6":2,"7":2,"8":1,"9":2,"10":2,"11":2,"12":2,"13":1,"14":1,"15":1,"16":1},"b":{"1":[2,1,1,1],"2":[1,1,1,1],"3":[1,1],"4":[2,2],"5":[1,1]},"f":{"1":2,"2":2,"3":2},"fnMap":{"1":{"name":"(anonymous_1)","line":12,"loc":{"start":{"line":12,"column":1},"end":{"line":12,"column":13}}},"2":{"name":"(anonymous_2)","line":19,"loc":{"start":{"line":19,"column":5},"end":{"line":19,"column":17}}},"3":{"name":"(anonymous_3)","line":23,"loc":{"start":{"line":23,"column":24},"end":{"line":23,"column":36}}}},"statementMap":{"1":{"start":{"line":12,"column":0},"end":{"line":53,"column":5}},"2":{"start":{"line":14,"column":4},"end":{"line":14,"column":14}},"3":{"start":{"line":19,"column":4},"end":{"line":52,"column":9}},"4":{"start":{"line":21,"column":8},"end":{"line":21,"column":19}},"5":{"start":{"line":23,"column":8},"end":{"line":35,"column":13}},"6":{"start":{"line":24,"column":12},"end":{"line":34,"column":13}},"7":{"start":{"line":25,"column":16},"end":{"line":28,"column":30}},"8":{"start":{"line":30,"column":16},"end":{"line":33,"column":27}},"9":{"start":{"line":37,"column":8},"end":{"line":39,"column":21}},"10":{"start":{"line":41,"column":8},"end":{"line":41,"column":54}},"11":{"start":{"line":43,"column":8},"end":{"line":43,"column":58}},"12":{"start":{"line":45,"column":8},"end":{"line":51,"column":9}},"13":{"start":{"line":46,"column":12},"end":{"line":46,"column":64}},"14":{"start":{"line":48,"column":12},"end":{"line":48,"column":35}},"15":{"start":{"line":49,"column":12},"end":{"line":49,"column":49}},"16":{"start":{"line":50,"column":12},"end":{"line":50,"column":43}}},"branchMap":{"1":{"line":25,"type":"binary-expr","locations":[{"start":{"line":25,"column":23},"end":{"line":25,"column":62}},{"start":{"line":26,"column":20},"end":{"line":26,"column":70}},{"start":{"line":27,"column":20},"end":{"line":27,"column":71}},{"start":{"line":28,"column":20},"end":{"line":28,"column":29}}]},"2":{"line":30,"type":"binary-expr","locations":[{"start":{"line":30,"column":23},"end":{"line":30,"column":37}},{"start":{"line":31,"column":20},"end":{"line":31,"column":61}},{"start":{"line":32,"column":20},"end":{"line":32,"column":70}},{"start":{"line":33,"column":20},"end":{"line":33,"column":26}}]},"3":{"line":37,"type":"cond-expr","locations":[{"start":{"line":38,"column":14},"end":{"line":38,"column":20}},{"start":{"line":39,"column":14},"end":{"line":39,"column":20}}]},"4":{"line":41,"type":"binary-expr","locations":[{"start":{"line":41,"column":16},"end":{"line":41,"column":44}},{"start":{"line":41,"column":48},"end":{"line":41,"column":53}}]},"5":{"line":45,"type":"if","locations":[{"start":{"line":45,"column":8},"end":{"line":45,"column":8}},{"start":{"line":45,"column":8},"end":{"line":45,"column":8}}]}},"code":["/* istanbul instrument in package npmtest_sockjs_client */","/*jslint","    bitwise: true,","    browser: true,","    maxerr: 8,","    maxlen: 96,","    node: true,","    nomen: true,","    regexp: true,","    stupid: true","*/","(function () {","    'use strict';","    var local;","","","","    // run shared js-env code - pre-init","    (function () {","        // init local","        local = {};","        // init modeJs","        local.modeJs = (function () {","            try {","                return typeof navigator.userAgent === 'string' &&","                    typeof document.querySelector('body') === 'object' &&","                    typeof XMLHttpRequest.prototype.open === 'function' &&","                    'browser';","            } catch (errorCaughtBrowser) {","                return module.exports &&","                    typeof process.versions.node === 'string' &&","                    typeof require('http').createServer === 'function' &&","                    'node';","            }","        }());","        // init global","        local.global = local.modeJs === 'browser'","            ? window","            : global;","        // init utility2_rollup","        local = local.global.utility2_rollup || local;","        // init lib","        local.local = local.npmtest_sockjs_client = local;","        // init exports","        if (local.modeJs === 'browser') {","            local.global.utility2_npmtest_sockjs_client = local;","        } else {","            module.exports = local;","            module.exports.__dirname = __dirname;","            module.exports.module = module;","        }","    }());","}());",""],"l":{"12":2,"14":2,"19":2,"21":2,"23":2,"24":2,"25":2,"30":1,"37":2,"41":2,"43":2,"45":2,"46":1,"48":1,"49":1,"50":1}},"/home/travis/build/npmtest/node-npmtest-sockjs-client/example.js":{"path":"/home/travis/build/npmtest/node-npmtest-sockjs-client/example.js","s":{"1":2,"2":2,"3":2,"4":2,"5":2,"6":2,"7":2,"8":1,"9":2,"10":2,"11":2,"12":2,"13":1,"14":2,"15":2,"16":2,"17":2,"18":2,"19":0,"20":2,"21":1,"22":1,"23":1,"24":1,"25":1,"26":0,"27":0,"28":1,"29":1,"30":2,"31":0,"32":0,"33":0,"34":1,"35":2,"36":2,"37":3,"38":3,"39":3,"40":3,"41":0,"42":3,"43":3,"44":3,"45":1,"46":3,"47":1,"48":1,"49":1,"50":1,"51":1,"52":1,"53":1,"54":1,"55":1,"56":1,"57":0,"58":1,"59":6,"60":6,"61":1,"62":2,"63":0,"64":2,"65":1,"66":1,"67":0,"68":0,"69":0,"70":0,"71":0,"72":0,"73":0,"74":0,"75":0,"76":0,"77":0,"78":0,"79":0,"80":0,"81":0,"82":0,"83":0},"b":{"1":[2,1,1,1],"2":[1,1,1,1],"3":[1,1],"4":[2,2],"5":[1,1],"6":[1,1],"7":[2,0],"8":[2,1,1,1,1,1],"9":[0,2,0],"10":[1,1],"11":[2,1,1],"12":[1,0],"13":[0,2],"14":[2,0,0,0,0,0,0],"15":[0,3],"16":[3,0],"17":[1,1],"18":[0,1],"19":[1,2,0,2],"20":[1,0],"21":[1,1],"22":[0,0],"23":[0,0],"24":[0,0],"25":[0,0],"26":[0,0],"27":[0,0],"28":[0,0]},"f":{"1":2,"2":2,"3":2,"4":2,"5":2,"6":2,"7":3,"8":3,"9":3,"10":1,"11":6,"12":0},"fnMap":{"1":{"name":"(anonymous_1)","line":26,"loc":{"start":{"line":26,"column":1},"end":{"line":26,"column":13}}},"2":{"name":"(anonymous_2)","line":33,"loc":{"start":{"line":33,"column":5},"end":{"line":33,"column":17}}},"3":{"name":"(anonymous_3)","line":37,"loc":{"start":{"line":37,"column":24},"end":{"line":37,"column":36}}},"4":{"name":"(anonymous_4)","line":69,"loc":{"start":{"line":69,"column":31},"end":{"line":69,"column":48}},"skip":true},"5":{"name":"(anonymous_5)","line":78,"loc":{"start":{"line":78,"column":26},"end":{"line":78,"column":45}},"skip":true},"6":{"name":"(anonymous_6)","line":123,"loc":{"start":{"line":123,"column":33},"end":{"line":123,"column":48}},"skip":true},"7":{"name":"(anonymous_7)","line":125,"loc":{"start":{"line":125,"column":27},"end":{"line":125,"column":39}},"skip":true},"8":{"name":"(anonymous_8)","line":133,"loc":{"start":{"line":133,"column":59},"end":{"line":133,"column":74}},"skip":true},"9":{"name":"(anonymous_9)","line":143,"loc":{"start":{"line":143,"column":45},"end":{"line":143,"column":62}},"skip":true},"10":{"name":"(anonymous_10)","line":144,"loc":{"start":{"line":144,"column":73},"end":{"line":144,"column":92}},"skip":true},"11":{"name":"(anonymous_11)","line":272,"loc":{"start":{"line":272,"column":51},"end":{"line":272,"column":77}},"skip":true},"12":{"name":"(anonymous_12)","line":315,"loc":{"start":{"line":315,"column":32},"end":{"line":315,"column":61}},"skip":true}},"statementMap":{"1":{"start":{"line":26,"column":0},"end":{"line":326,"column":5}},"2":{"start":{"line":28,"column":4},"end":{"line":28,"column":14}},"3":{"start":{"line":33,"column":4},"end":{"line":60,"column":9}},"4":{"start":{"line":35,"column":8},"end":{"line":35,"column":19}},"5":{"start":{"line":37,"column":8},"end":{"line":49,"column":13}},"6":{"start":{"line":38,"column":12},"end":{"line":48,"column":13}},"7":{"start":{"line":39,"column":16},"end":{"line":42,"column":30}},"8":{"start":{"line":44,"column":16},"end":{"line":47,"column":27}},"9":{"start":{"line":51,"column":8},"end":{"line":53,"column":21}},"10":{"start":{"line":55,"column":8},"end":{"line":57,"column":45}},"11":{"start":{"line":59,"column":8},"end":{"line":59,"column":35}},"12":{"start":{"line":61,"column":4},"end":{"line":325,"column":5}},"13":{"start":{"line":69,"column":8},"end":{"line":121,"column":10},"skip":true},"14":{"start":{"line":70,"column":12},"end":{"line":88,"column":13},"skip":true},"15":{"start":{"line":76,"column":16},"end":{"line":87,"column":19},"skip":true},"16":{"start":{"line":79,"column":20},"end":{"line":86,"column":21},"skip":true},"17":{"start":{"line":82,"column":24},"end":{"line":82,"column":43},"skip":true},"18":{"start":{"line":83,"column":24},"end":{"line":83,"column":30},"skip":true},"19":{"start":{"line":85,"column":24},"end":{"line":85,"column":49},"skip":true},"20":{"start":{"line":89,"column":12},"end":{"line":107,"column":13},"skip":true},"21":{"start":{"line":92,"column":16},"end":{"line":102,"column":17},"skip":true},"22":{"start":{"line":93,"column":20},"end":{"line":93,"column":86},"skip":true},"23":{"start":{"line":94,"column":20},"end":{"line":95,"column":45},"skip":true},"24":{"start":{"line":96,"column":20},"end":{"line":96,"column":42},"skip":true},"25":{"start":{"line":97,"column":20},"end":{"line":97,"column":48},"skip":true},"26":{"start":{"line":100,"column":20},"end":{"line":100,"column":85},"skip":true},"27":{"start":{"line":101,"column":20},"end":{"line":101,"column":96},"skip":true},"28":{"start":{"line":103,"column":16},"end":{"line":103,"column":22},"skip":true},"29":{"start":{"line":106,"column":16},"end":{"line":106,"column":22},"skip":true},"30":{"start":{"line":108,"column":12},"end":{"line":120,"column":13},"skip":true},"31":{"start":{"line":114,"column":16},"end":{"line":119,"column":17},"skip":true},"32":{"start":{"line":116,"column":20},"end":{"line":116,"column":78},"skip":true},"33":{"start":{"line":118,"column":20},"end":{"line":118,"column":47},"skip":true},"34":{"start":{"line":123,"column":8},"end":{"line":141,"column":11},"skip":true},"35":{"start":{"line":124,"column":12},"end":{"line":124,"column":54},"skip":true},"36":{"start":{"line":125,"column":12},"end":{"line":140,"column":14},"skip":true},"37":{"start":{"line":126,"column":16},"end":{"line":126,"column":28},"skip":true},"38":{"start":{"line":127,"column":16},"end":{"line":127,"column":69},"skip":true},"39":{"start":{"line":128,"column":16},"end":{"line":128,"column":75},"skip":true},"40":{"start":{"line":129,"column":16},"end":{"line":131,"column":17},"skip":true},"41":{"start":{"line":130,"column":20},"end":{"line":130,"column":27},"skip":true},"42":{"start":{"line":133,"column":16},"end":{"line":137,"column":36},"skip":true},"43":{"start":{"line":134,"column":20},"end":{"line":136,"column":55},"skip":true},"44":{"start":{"line":139,"column":16},"end":{"line":139,"column":57},"skip":true},"45":{"start":{"line":143,"column":8},"end":{"line":147,"column":11},"skip":true},"46":{"start":{"line":144,"column":12},"end":{"line":146,"column":15},"skip":true},"47":{"start":{"line":145,"column":16},"end":{"line":145,"column":70},"skip":true},"48":{"start":{"line":149,"column":8},"end":{"line":149,"column":31},"skip":true},"49":{"start":{"line":150,"column":8},"end":{"line":150,"column":14},"skip":true},"50":{"start":{"line":158,"column":8},"end":{"line":158,"column":31},"skip":true},"51":{"start":{"line":160,"column":8},"end":{"line":160,"column":33},"skip":true},"52":{"start":{"line":161,"column":8},"end":{"line":161,"column":37},"skip":true},"53":{"start":{"line":162,"column":8},"end":{"line":162,"column":35},"skip":true},"54":{"start":{"line":164,"column":8},"end":{"line":164,"column":50},"skip":true},"55":{"start":{"line":166,"column":8},"end":{"line":256,"column":2},"skip":true},"56":{"start":{"line":258,"column":8},"end":{"line":286,"column":9},"skip":true},"57":{"start":{"line":259,"column":12},"end":{"line":269,"column":14},"skip":true},"58":{"start":{"line":271,"column":12},"end":{"line":285,"column":19},"skip":true},"59":{"start":{"line":274,"column":20},"end":{"line":274,"column":35},"skip":true},"60":{"start":{"line":275,"column":20},"end":{"line":284,"column":21},"skip":true},"61":{"start":{"line":277,"column":24},"end":{"line":277,"column":64},"skip":true},"62":{"start":{"line":279,"column":24},"end":{"line":279,"column":40},"skip":true},"63":{"start":{"line":281,"column":24},"end":{"line":281,"column":40},"skip":true},"64":{"start":{"line":283,"column":24},"end":{"line":283,"column":39},"skip":true},"65":{"start":{"line":288,"column":8},"end":{"line":290,"column":9},"skip":true},"66":{"start":{"line":289,"column":12},"end":{"line":289,"column":18},"skip":true},"67":{"start":{"line":291,"column":8},"end":{"line":293,"column":54},"skip":true},"68":{"start":{"line":296,"column":8},"end":{"line":301,"column":37},"skip":true},"69":{"start":{"line":303,"column":8},"end":{"line":303,"column":82},"skip":true},"70":{"start":{"line":306,"column":8},"end":{"line":308,"column":9},"skip":true},"71":{"start":{"line":307,"column":12},"end":{"line":307,"column":82},"skip":true},"72":{"start":{"line":310,"column":8},"end":{"line":312,"column":9},"skip":true},"73":{"start":{"line":311,"column":12},"end":{"line":311,"column":18},"skip":true},"74":{"start":{"line":313,"column":8},"end":{"line":313,"column":54},"skip":true},"75":{"start":{"line":314,"column":8},"end":{"line":314,"column":69},"skip":true},"76":{"start":{"line":315,"column":8},"end":{"line":323,"column":36},"skip":true},"77":{"start":{"line":316,"column":12},"end":{"line":316,"column":61},"skip":true},"78":{"start":{"line":317,"column":12},"end":{"line":320,"column":13},"skip":true},"79":{"start":{"line":318,"column":16},"end":{"line":318,"column":75},"skip":true},"80":{"start":{"line":319,"column":16},"end":{"line":319,"column":23},"skip":true},"81":{"start":{"line":321,"column":12},"end":{"line":321,"column":38},"skip":true},"82":{"start":{"line":322,"column":12},"end":{"line":322,"column":27},"skip":true},"83":{"start":{"line":324,"column":8},"end":{"line":324,"column":14},"skip":true}},"branchMap":{"1":{"line":39,"type":"binary-expr","locations":[{"start":{"line":39,"column":23},"end":{"line":39,"column":62}},{"start":{"line":40,"column":20},"end":{"line":40,"column":70}},{"start":{"line":41,"column":20},"end":{"line":41,"column":71}},{"start":{"line":42,"column":20},"end":{"line":42,"column":29}}]},"2":{"line":44,"type":"binary-expr","locations":[{"start":{"line":44,"column":23},"end":{"line":44,"column":37}},{"start":{"line":45,"column":20},"end":{"line":45,"column":61}},{"start":{"line":46,"column":20},"end":{"line":46,"column":70}},{"start":{"line":47,"column":20},"end":{"line":47,"column":26}}]},"3":{"line":51,"type":"cond-expr","locations":[{"start":{"line":52,"column":14},"end":{"line":52,"column":20}},{"start":{"line":53,"column":14},"end":{"line":53,"column":20}}]},"4":{"line":55,"type":"binary-expr","locations":[{"start":{"line":55,"column":16},"end":{"line":55,"column":44}},{"start":{"line":55,"column":49},"end":{"line":57,"column":43}}]},"5":{"line":55,"type":"cond-expr","locations":[{"start":{"line":56,"column":14},"end":{"line":56,"column":57}},{"start":{"line":57,"column":14},"end":{"line":57,"column":43}}]},"6":{"line":61,"type":"switch","locations":[{"start":{"line":68,"column":4},"end":{"line":150,"column":14},"skip":true},{"start":{"line":156,"column":4},"end":{"line":324,"column":14},"skip":true}]},"7":{"line":70,"type":"if","locations":[{"start":{"line":70,"column":12},"end":{"line":70,"column":12},"skip":true},{"start":{"line":70,"column":12},"end":{"line":70,"column":12},"skip":true}]},"8":{"line":70,"type":"binary-expr","locations":[{"start":{"line":70,"column":16},"end":{"line":70,"column":22},"skip":true},{"start":{"line":70,"column":27},"end":{"line":70,"column":32},"skip":true},{"start":{"line":71,"column":20},"end":{"line":71,"column":39},"skip":true},{"start":{"line":72,"column":20},"end":{"line":72,"column":49},"skip":true},{"start":{"line":73,"column":20},"end":{"line":73,"column":58},"skip":true},{"start":{"line":74,"column":20},"end":{"line":74,"column":69},"skip":true}]},"9":{"line":79,"type":"switch","locations":[{"start":{"line":80,"column":20},"end":{"line":80,"column":33},"skip":true},{"start":{"line":81,"column":20},"end":{"line":83,"column":30},"skip":true},{"start":{"line":84,"column":20},"end":{"line":85,"column":49},"skip":true}]},"10":{"line":89,"type":"switch","locations":[{"start":{"line":90,"column":12},"end":{"line":103,"column":22},"skip":true},{"start":{"line":105,"column":12},"end":{"line":106,"column":22},"skip":true}]},"11":{"line":89,"type":"binary-expr","locations":[{"start":{"line":89,"column":20},"end":{"line":89,"column":25},"skip":true},{"start":{"line":89,"column":29},"end":{"line":89,"column":48},"skip":true},{"start":{"line":89,"column":52},"end":{"line":89,"column":74},"skip":true}]},"12":{"line":92,"type":"if","locations":[{"start":{"line":92,"column":16},"end":{"line":92,"column":16},"skip":true},{"start":{"line":92,"column":16},"end":{"line":92,"column":16},"skip":true}]},"13":{"line":108,"type":"if","locations":[{"start":{"line":108,"column":12},"end":{"line":108,"column":12},"skip":true},{"start":{"line":108,"column":12},"end":{"line":108,"column":12},"skip":true}]},"14":{"line":108,"type":"binary-expr","locations":[{"start":{"line":108,"column":16},"end":{"line":108,"column":61},"skip":true},{"start":{"line":108,"column":66},"end":{"line":108,"column":72},"skip":true},{"start":{"line":108,"column":77},"end":{"line":108,"column":82},"skip":true},{"start":{"line":109,"column":20},"end":{"line":109,"column":39},"skip":true},{"start":{"line":110,"column":20},"end":{"line":110,"column":49},"skip":true},{"start":{"line":111,"column":20},"end":{"line":111,"column":58},"skip":true},{"start":{"line":112,"column":20},"end":{"line":112,"column":68},"skip":true}]},"15":{"line":129,"type":"if","locations":[{"start":{"line":129,"column":16},"end":{"line":129,"column":16},"skip":true},{"start":{"line":129,"column":16},"end":{"line":129,"column":16},"skip":true}]},"16":{"line":134,"type":"cond-expr","locations":[{"start":{"line":135,"column":26},"end":{"line":135,"column":29},"skip":true},{"start":{"line":136,"column":26},"end":{"line":136,"column":54},"skip":true}]},"17":{"line":164,"type":"binary-expr","locations":[{"start":{"line":164,"column":27},"end":{"line":164,"column":43},"skip":true},{"start":{"line":164,"column":47},"end":{"line":164,"column":49},"skip":true}]},"18":{"line":258,"type":"if","locations":[{"start":{"line":258,"column":8},"end":{"line":258,"column":8},"skip":true},{"start":{"line":258,"column":8},"end":{"line":258,"column":8},"skip":true}]},"19":{"line":275,"type":"switch","locations":[{"start":{"line":276,"column":20},"end":{"line":277,"column":64},"skip":true},{"start":{"line":278,"column":20},"end":{"line":279,"column":40},"skip":true},{"start":{"line":280,"column":20},"end":{"line":281,"column":40},"skip":true},{"start":{"line":282,"column":20},"end":{"line":283,"column":39},"skip":true}]},"20":{"line":288,"type":"if","locations":[{"start":{"line":288,"column":8},"end":{"line":288,"column":8},"skip":true},{"start":{"line":288,"column":8},"end":{"line":288,"column":8},"skip":true}]},"21":{"line":288,"type":"binary-expr","locations":[{"start":{"line":288,"column":12},"end":{"line":288,"column":40},"skip":true},{"start":{"line":288,"column":44},"end":{"line":288,"column":67},"skip":true}]},"22":{"line":292,"type":"binary-expr","locations":[{"start":{"line":292,"column":12},"end":{"line":292,"column":50},"skip":true},{"start":{"line":293,"column":12},"end":{"line":293,"column":53},"skip":true}]},"23":{"line":297,"type":"binary-expr","locations":[{"start":{"line":297,"column":12},"end":{"line":297,"column":71},"skip":true},{"start":{"line":298,"column":12},"end":{"line":301,"column":36},"skip":true}]},"24":{"line":303,"type":"binary-expr","locations":[{"start":{"line":303,"column":43},"end":{"line":303,"column":75},"skip":true},{"start":{"line":303,"column":79},"end":{"line":303,"column":81},"skip":true}]},"25":{"line":306,"type":"if","locations":[{"start":{"line":306,"column":8},"end":{"line":306,"column":8},"skip":true},{"start":{"line":306,"column":8},"end":{"line":306,"column":8},"skip":true}]},"26":{"line":310,"type":"if","locations":[{"start":{"line":310,"column":8},"end":{"line":310,"column":8},"skip":true},{"start":{"line":310,"column":8},"end":{"line":310,"column":8},"skip":true}]},"27":{"line":313,"type":"binary-expr","locations":[{"start":{"line":313,"column":27},"end":{"line":313,"column":43},"skip":true},{"start":{"line":313,"column":47},"end":{"line":313,"column":53},"skip":true}]},"28":{"line":317,"type":"if","locations":[{"start":{"line":317,"column":12},"end":{"line":317,"column":12},"skip":true},{"start":{"line":317,"column":12},"end":{"line":317,"column":12},"skip":true}]}},"code":["/*","example.js","","quickstart example","","instruction","    1. save this script as example.js","    2. run the shell command:","        $ npm install npmtest-sockjs-client && PORT=8081 node example.js","    3. play with the browser-demo on http://127.0.0.1:8081","*/","","","","/* istanbul instrument in package npmtest_sockjs_client */","/*jslint","    bitwise: true,","    browser: true,","    maxerr: 8,","    maxlen: 96,","    node: true,","    nomen: true,","    regexp: true,","    stupid: true","*/","(function () {","    'use strict';","    var local;","","","","    // run shared js-env code - pre-init","    (function () {","        // init local","        local = {};","        // init modeJs","        local.modeJs = (function () {","            try {","                return typeof navigator.userAgent === 'string' &&","                    typeof document.querySelector('body') === 'object' &&","                    typeof XMLHttpRequest.prototype.open === 'function' &&","                    'browser';","            } catch (errorCaughtBrowser) {","                return module.exports &&","                    typeof process.versions.node === 'string' &&","                    typeof require('http').createServer === 'function' &&","                    'node';","            }","        }());","        // init global","        local.global = local.modeJs === 'browser'","            ? window","            : global;","        // init utility2_rollup","        local = local.global.utility2_rollup || (local.modeJs === 'browser'","            ? local.global.utility2_npmtest_sockjs_client","            : global.utility2_moduleExports);","        // export local","        local.global.local = local;","    }());","    switch (local.modeJs) {","","","","    // post-init","    // run browser js-env code - post-init","    /* istanbul ignore next */","    case 'browser':","        local.testRunBrowser = function (event) {","            if (!event || (event &&","                    event.currentTarget &&","                    event.currentTarget.className &&","                    event.currentTarget.className.includes &&","                    event.currentTarget.className.includes('onreset'))) {","                // reset output","                Array.from(","                    document.querySelectorAll('body > .resettable')","                ).forEach(function (element) {","                    switch (element.tagName) {","                    case 'INPUT':","                    case 'TEXTAREA':","                        element.value = '';","                        break;","                    default:","                        element.textContent = '';","                    }","                });","            }","            switch (event && event.currentTarget && event.currentTarget.id) {","            case 'testRunButton1':","                // show tests","                if (document.querySelector('#testReportDiv1').style.display === 'none') {","                    document.querySelector('#testReportDiv1').style.display = 'block';","                    document.querySelector('#testRunButton1').textContent =","                        'hide internal test';","                    local.modeTest = true;","                    local.testRunDefault(local);","                // hide tests","                } else {","                    document.querySelector('#testReportDiv1').style.display = 'none';","                    document.querySelector('#testRunButton1').textContent = 'run internal test';","                }","                break;","            // custom-case","            default:","                break;","            }","            if (document.querySelector('#inputTextareaEval1') && (!event || (event &&","                    event.currentTarget &&","                    event.currentTarget.className &&","                    event.currentTarget.className.includes &&","                    event.currentTarget.className.includes('oneval')))) {","                // try to eval input-code","                try {","                    /*jslint evil: true*/","                    eval(document.querySelector('#inputTextareaEval1').value);","                } catch (errorCaught) {","                    console.error(errorCaught);","                }","            }","        };","        // log stderr and stdout to #outputTextareaStdout1","        ['error', 'log'].forEach(function (key) {","            console[key + '_original'] = console[key];","            console[key] = function () {","                var element;","                console[key + '_original'].apply(console, arguments);","                element = document.querySelector('#outputTextareaStdout1');","                if (!element) {","                    return;","                }","                // append text to #outputTextareaStdout1","                element.value += Array.from(arguments).map(function (arg) {","                    return typeof arg === 'string'","                        ? arg","                        : JSON.stringify(arg, null, 4);","                }).join(' ') + '\\n';","                // scroll textarea to bottom","                element.scrollTop = element.scrollHeight;","            };","        });","        // init event-handling","        ['change', 'click', 'keyup'].forEach(function (event) {","            Array.from(document.querySelectorAll('.on' + event)).forEach(function (element) {","                element.addEventListener(event, local.testRunBrowser);","            });","        });","        // run tests","        local.testRunBrowser();","        break;","","","","    // run node js-env code - post-init","    /* istanbul ignore next */","    case 'node':","        // export local","        module.exports = local;","        // require modules","        local.fs = require('fs');","        local.http = require('http');","        local.url = require('url');","        // init assets","        local.assetsDict = local.assetsDict || {};","        /* jslint-ignore-begin */","        local.assetsDict['/assets.index.template.html'] = '\\","<!doctype html>\\n\\","<html lang=\"en\">\\n\\","<head>\\n\\","<meta charset=\"UTF-8\">\\n\\","<meta name=\"viewport\" content=\"width=device-width, initial-scale=1\">\\n\\","<title>{{env.npm_package_name}} (v{{env.npm_package_version}})</title>\\n\\","<style>\\n\\","/*csslint\\n\\","    box-sizing: false,\\n\\","    universal-selector: false\\n\\","*/\\n\\","* {\\n\\","    box-sizing: border-box;\\n\\","}\\n\\","body {\\n\\","    background: #dde;\\n\\","    font-family: Arial, Helvetica, sans-serif;\\n\\","    margin: 2rem;\\n\\","}\\n\\","body > * {\\n\\","    margin-bottom: 1rem;\\n\\","}\\n\\",".utility2FooterDiv {\\n\\","    margin-top: 20px;\\n\\","    text-align: center;\\n\\","}\\n\\","</style>\\n\\","<style>\\n\\","/*csslint\\n\\","*/\\n\\","textarea {\\n\\","    font-family: monospace;\\n\\","    height: 10rem;\\n\\","    width: 100%;\\n\\","}\\n\\","textarea[readonly] {\\n\\","    background: #ddd;\\n\\","}\\n\\","</style>\\n\\","</head>\\n\\","<body>\\n\\","<!-- utility2-comment\\n\\","<div id=\"ajaxProgressDiv1\" style=\"background: #d00; height: 2px; left: 0; margin: 0; padding: 0; position: fixed; top: 0; transition: background 0.5s, width 1.5s; width: 25%;\"></div>\\n\\","utility2-comment -->\\n\\","<h1>\\n\\","<!-- utility2-comment\\n\\","    <a\\n\\","        {{#if env.npm_package_homepage}}\\n\\","        href=\"{{env.npm_package_homepage}}\"\\n\\","        {{/if env.npm_package_homepage}}\\n\\","        target=\"_blank\"\\n\\","    >\\n\\","utility2-comment -->\\n\\","        {{env.npm_package_name}} (v{{env.npm_package_version}})\\n\\","<!-- utility2-comment\\n\\","    </a>\\n\\","utility2-comment -->\\n\\","</h1>\\n\\","<h3>{{env.npm_package_description}}</h3>\\n\\","<!-- utility2-comment\\n\\","<h4><a download href=\"assets.app.js\">download standalone app</a></h4>\\n\\","<button class=\"onclick onreset\" id=\"testRunButton1\">run internal test</button><br>\\n\\","<div id=\"testReportDiv1\" style=\"display: none;\"></div>\\n\\","utility2-comment -->\\n\\","\\n\\","\\n\\","\\n\\","<label>stderr and stdout</label>\\n\\","<textarea class=\"resettable\" id=\"outputTextareaStdout1\" readonly></textarea>\\n\\","<!-- utility2-comment\\n\\","{{#if isRollup}}\\n\\","<script src=\"assets.app.js\"></script>\\n\\","{{#unless isRollup}}\\n\\","utility2-comment -->\\n\\","<script src=\"assets.utility2.rollup.js\"></script>\\n\\","<script src=\"jsonp.utility2._stateInit?callback=window.utility2._stateInit\"></script>\\n\\","<script src=\"assets.npmtest_sockjs_client.rollup.js\"></script>\\n\\","<script src=\"assets.example.js\"></script>\\n\\","<script src=\"assets.test.js\"></script>\\n\\","<!-- utility2-comment\\n\\","{{/if isRollup}}\\n\\","utility2-comment -->\\n\\","<div class=\"utility2FooterDiv\">\\n\\","    [ this app was created with\\n\\","    <a href=\"https://github.com/kaizhu256/node-utility2\" target=\"_blank\">utility2</a>\\n\\","    ]\\n\\","</div>\\n\\","</body>\\n\\","</html>\\n\\","';","        /* jslint-ignore-end */","        if (local.templateRender) {","            local.assetsDict['/'] = local.templateRender(","                local.assetsDict['/assets.index.template.html'],","                {","                    env: local.objectSetDefault(local.env, {","                        npm_package_description: 'the greatest app in the world!',","                        npm_package_name: 'my-app',","                        npm_package_nameAlias: 'my_app',","                        npm_package_version: '0.0.1'","                    })","                }","            );","        } else {","            local.assetsDict['/'] = local.assetsDict['/assets.index.template.html']","                .replace((/\\{\\{env\\.(\\w+?)\\}\\}/g), function (match0, match1) {","                    // jslint-hack","                    String(match0);","                    switch (match1) {","                    case 'npm_package_description':","                        return 'the greatest app in the world!';","                    case 'npm_package_name':","                        return 'my-app';","                    case 'npm_package_nameAlias':","                        return 'my_app';","                    case 'npm_package_version':","                        return '0.0.1';","                    }","                });","        }","        // run the cli","        if (local.global.utility2_rollup || module !== require.main) {","            break;","        }","        local.assetsDict['/assets.example.js'] =","            local.assetsDict['/assets.example.js'] ||","            local.fs.readFileSync(__filename, 'utf8');","        // bug-workaround - long $npm_package_buildCustomOrg","        /* jslint-ignore-begin */","        local.assetsDict['/assets.npmtest_sockjs_client.rollup.js'] =","            local.assetsDict['/assets.npmtest_sockjs_client.rollup.js'] ||","            local.fs.readFileSync(","                local.npmtest_sockjs_client.__dirname + '/lib.npmtest_sockjs_client.js',","                'utf8'","            ).replace((/^#!/), '//');","        /* jslint-ignore-end */","        local.assetsDict['/favicon.ico'] = local.assetsDict['/favicon.ico'] || '';","        // if $npm_config_timeout_exit exists,","        // then exit this process after $npm_config_timeout_exit ms","        if (Number(process.env.npm_config_timeout_exit)) {","            setTimeout(process.exit, Number(process.env.npm_config_timeout_exit));","        }","        // start server","        if (local.global.utility2_serverHttp1) {","            break;","        }","        process.env.PORT = process.env.PORT || '8081';","        console.error('server starting on port ' + process.env.PORT);","        local.http.createServer(function (request, response) {","            request.urlParsed = local.url.parse(request.url);","            if (local.assetsDict[request.urlParsed.pathname] !== undefined) {","                response.end(local.assetsDict[request.urlParsed.pathname]);","                return;","            }","            response.statusCode = 404;","            response.end();","        }).listen(process.env.PORT);","        break;","    }","}());",""],"l":{"26":2,"28":2,"33":2,"35":2,"37":2,"38":2,"39":2,"44":1,"51":2,"55":2,"59":2,"61":2,"69":1,"70":2,"76":2,"79":2,"82":2,"83":2,"85":1,"89":2,"92":1,"93":1,"94":1,"96":1,"97":1,"100":1,"101":1,"103":1,"106":1,"108":2,"114":1,"116":1,"118":1,"123":1,"124":2,"125":2,"126":3,"127":3,"128":3,"129":3,"130":1,"133":3,"134":3,"139":3,"143":1,"144":3,"145":1,"149":1,"150":1,"158":1,"160":1,"161":1,"162":1,"164":1,"166":1,"258":1,"259":1,"271":1,"274":6,"275":6,"277":1,"279":2,"281":1,"283":2,"288":1,"289":1,"291":1,"296":1,"303":1,"306":1,"307":1,"310":1,"311":1,"313":1,"314":1,"315":1,"316":1,"317":1,"318":1,"319":1,"321":1,"322":1,"324":1}},"/home/travis/build/npmtest/node-npmtest-sockjs-client/node_modules/sockjs-client/lib/entry.js":{"path":"/home/travis/build/npmtest/node-npmtest-sockjs-client/node_modules/sockjs-client/lib/entry.js","s":{"1":1,"2":1,"3":1,"4":0},"b":{"1":[0,1]},"f":{},"fnMap":{},"statementMap":{"1":{"start":{"line":3,"column":0},"end":{"line":3,"column":48}},"2":{"start":{"line":5,"column":0},"end":{"line":5,"column":50}},"3":{"start":{"line":8,"column":0},"end":{"line":10,"column":1}},"4":{"start":{"line":9,"column":2},"end":{"line":9,"column":39}}},"branchMap":{"1":{"line":8,"type":"if","locations":[{"start":{"line":8,"column":0},"end":{"line":8,"column":0}},{"start":{"line":8,"column":0},"end":{"line":8,"column":0}}]}},"code":["'use strict';","","var transportList = require('./transport-list');","","module.exports = require('./main')(transportList);","","// TODO can't get rid of this until all servers do","if ('_sockjs_onload' in global) {","  setTimeout(global._sockjs_onload, 1);","}",""],"l":{"3":1,"5":1,"8":1,"9":0}},"/home/travis/build/npmtest/node-npmtest-sockjs-client/node_modules/sockjs-client/lib/transport-list.js":{"path":"/home/travis/build/npmtest/node-npmtest-sockjs-client/node_modules/sockjs-client/lib/transport-list.js","s":{"1":1},"b":{},"f":{},"fnMap":{},"statementMap":{"1":{"start":{"line":3,"column":0},"end":{"line":18,"column":2}}},"branchMap":{},"code":["'use strict';","","module.exports = [","  // streaming transports","  require('./transport/websocket')",", require('./transport/xhr-streaming')",", require('./transport/xdr-streaming')",", require('./transport/eventsource')",", require('./transport/lib/iframe-wrap')(require('./transport/eventsource'))","","  // polling transports",", require('./transport/htmlfile')",", require('./transport/lib/iframe-wrap')(require('./transport/htmlfile'))",", require('./transport/xhr-polling')",", require('./transport/xdr-polling')",", require('./transport/lib/iframe-wrap')(require('./transport/xhr-polling'))",", require('./transport/jsonp-polling')","];",""],"l":{"3":1}},"/home/travis/build/npmtest/node-npmtest-sockjs-client/node_modules/sockjs-client/lib/transport/websocket.js":{"path":"/home/travis/build/npmtest/node-npmtest-sockjs-client/node_modules/sockjs-client/lib/transport/websocket.js","s":{"1":1,"2":1,"3":1,"4":1,"5":1,"6":0,"7":0,"8":0,"9":0,"10":0,"11":0,"12":0,"13":0,"14":0,"15":0,"16":0,"17":0,"18":0,"19":0,"20":0,"21":0,"22":0,"23":0,"24":0,"25":0,"26":0,"27":0,"28":0,"29":0,"30":0,"31":1,"32":1,"33":0,"34":0,"35":0,"36":1,"37":0,"38":0,"39":0,"40":0,"41":0,"42":1,"43":0,"44":0,"45":0,"46":0,"47":0,"48":0,"49":0,"50":1,"51":0,"52":0,"53":1,"54":1,"55":1},"b":{"1":[1,0],"2":[0,0],"3":[0,0],"4":[0,0],"5":[0,0]},"f":{"1":0,"2":0,"3":0,"4":0,"5":0,"6":0,"7":0,"8":0,"9":0,"10":0},"fnMap":{"1":{"name":"(anonymous_1)","line":10,"loc":{"start":{"line":10,"column":12},"end":{"line":10,"column":23}}},"2":{"name":"WebSocketTransport","line":15,"loc":{"start":{"line":15,"column":0},"end":{"line":15,"column":55}}},"3":{"name":"(anonymous_3)","line":33,"loc":{"start":{"line":33,"column":22},"end":{"line":33,"column":34}}},"4":{"name":"(anonymous_4)","line":43,"loc":{"start":{"line":43,"column":35},"end":{"line":43,"column":46}}},"5":{"name":"(anonymous_5)","line":47,"loc":{"start":{"line":47,"column":20},"end":{"line":47,"column":32}}},"6":{"name":"(anonymous_6)","line":52,"loc":{"start":{"line":52,"column":20},"end":{"line":52,"column":32}}},"7":{"name":"(anonymous_7)","line":61,"loc":{"start":{"line":61,"column":36},"end":{"line":61,"column":51}}},"8":{"name":"(anonymous_8)","line":67,"loc":{"start":{"line":67,"column":37},"end":{"line":67,"column":48}}},"9":{"name":"(anonymous_9)","line":76,"loc":{"start":{"line":76,"column":40},"end":{"line":76,"column":51}}},"10":{"name":"(anonymous_10)","line":87,"loc":{"start":{"line":87,"column":29},"end":{"line":87,"column":40}}}},"statementMap":{"1":{"start":{"line":3,"column":0},"end":{"line":8,"column":3}},"2":{"start":{"line":10,"column":0},"end":{"line":10,"column":26}},"3":{"start":{"line":11,"column":0},"end":{"line":13,"column":1}},"4":{"start":{"line":12,"column":2},"end":{"line":12,"column":54}},"5":{"start":{"line":15,"column":0},"end":{"line":57,"column":1}},"6":{"start":{"line":16,"column":2},"end":{"line":18,"column":3}},"7":{"start":{"line":17,"column":4},"end":{"line":17,"column":55}},"8":{"start":{"line":20,"column":2},"end":{"line":20,"column":26}},"9":{"start":{"line":21,"column":2},"end":{"line":21,"column":33}},"10":{"start":{"line":23,"column":2},"end":{"line":23,"column":18}},"11":{"start":{"line":24,"column":2},"end":{"line":24,"column":53}},"12":{"start":{"line":25,"column":2},"end":{"line":29,"column":3}},"13":{"start":{"line":26,"column":4},"end":{"line":26,"column":31}},"14":{"start":{"line":28,"column":4},"end":{"line":28,"column":30}},"15":{"start":{"line":30,"column":2},"end":{"line":30,"column":17}},"16":{"start":{"line":32,"column":2},"end":{"line":32,"column":55}},"17":{"start":{"line":33,"column":2},"end":{"line":36,"column":4}},"18":{"start":{"line":34,"column":4},"end":{"line":34,"column":35}},"19":{"start":{"line":35,"column":4},"end":{"line":35,"column":33}},"20":{"start":{"line":43,"column":2},"end":{"line":46,"column":5}},"21":{"start":{"line":44,"column":4},"end":{"line":44,"column":20}},"22":{"start":{"line":45,"column":4},"end":{"line":45,"column":20}},"23":{"start":{"line":47,"column":2},"end":{"line":51,"column":4}},"24":{"start":{"line":48,"column":4},"end":{"line":48,"column":43}},"25":{"start":{"line":49,"column":4},"end":{"line":49,"column":41}},"26":{"start":{"line":50,"column":4},"end":{"line":50,"column":20}},"27":{"start":{"line":52,"column":2},"end":{"line":56,"column":4}},"28":{"start":{"line":53,"column":4},"end":{"line":53,"column":28}},"29":{"start":{"line":54,"column":4},"end":{"line":54,"column":60}},"30":{"start":{"line":55,"column":4},"end":{"line":55,"column":20}},"31":{"start":{"line":59,"column":0},"end":{"line":59,"column":43}},"32":{"start":{"line":61,"column":0},"end":{"line":65,"column":2}},"33":{"start":{"line":62,"column":2},"end":{"line":62,"column":29}},"34":{"start":{"line":63,"column":2},"end":{"line":63,"column":21}},"35":{"start":{"line":64,"column":2},"end":{"line":64,"column":20}},"36":{"start":{"line":67,"column":0},"end":{"line":74,"column":2}},"37":{"start":{"line":68,"column":2},"end":{"line":68,"column":17}},"38":{"start":{"line":69,"column":2},"end":{"line":69,"column":19}},"39":{"start":{"line":70,"column":2},"end":{"line":70,"column":18}},"40":{"start":{"line":71,"column":2},"end":{"line":73,"column":3}},"41":{"start":{"line":72,"column":4},"end":{"line":72,"column":15}},"42":{"start":{"line":76,"column":0},"end":{"line":85,"column":2}},"43":{"start":{"line":77,"column":2},"end":{"line":77,"column":20}},"44":{"start":{"line":78,"column":2},"end":{"line":78,"column":19}},"45":{"start":{"line":79,"column":2},"end":{"line":81,"column":3}},"46":{"start":{"line":80,"column":4},"end":{"line":80,"column":50}},"47":{"start":{"line":82,"column":2},"end":{"line":82,"column":34}},"48":{"start":{"line":83,"column":2},"end":{"line":83,"column":34}},"49":{"start":{"line":84,"column":2},"end":{"line":84,"column":28}},"50":{"start":{"line":87,"column":0},"end":{"line":90,"column":2}},"51":{"start":{"line":88,"column":2},"end":{"line":88,"column":19}},"52":{"start":{"line":89,"column":2},"end":{"line":89,"column":27}},"53":{"start":{"line":91,"column":0},"end":{"line":91,"column":47}},"54":{"start":{"line":97,"column":0},"end":{"line":97,"column":34}},"55":{"start":{"line":99,"column":0},"end":{"line":99,"column":36}}},"branchMap":{"1":{"line":11,"type":"if","locations":[{"start":{"line":11,"column":0},"end":{"line":11,"column":0}},{"start":{"line":11,"column":0},"end":{"line":11,"column":0}}]},"2":{"line":16,"type":"if","locations":[{"start":{"line":16,"column":2},"end":{"line":16,"column":2}},{"start":{"line":16,"column":2},"end":{"line":16,"column":2}}]},"3":{"line":25,"type":"if","locations":[{"start":{"line":25,"column":2},"end":{"line":25,"column":2}},{"start":{"line":25,"column":2},"end":{"line":25,"column":2}}]},"4":{"line":71,"type":"if","locations":[{"start":{"line":71,"column":2},"end":{"line":71,"column":2}},{"start":{"line":71,"column":2},"end":{"line":71,"column":2}}]},"5":{"line":79,"type":"if","locations":[{"start":{"line":79,"column":2},"end":{"line":79,"column":2}},{"start":{"line":79,"column":2},"end":{"line":79,"column":2}}]}},"code":["'use strict';","","var utils = require('../utils/event')","  , urlUtils = require('../utils/url')","  , inherits = require('inherits')","  , EventEmitter = require('events').EventEmitter","  , WebsocketDriver = require('./driver/websocket')","  ;","","var debug = function() {};","if (process.env.NODE_ENV !== 'production') {","  debug = require('debug')('sockjs-client:websocket');","}","","function WebSocketTransport(transUrl, ignore, options) {","  if (!WebSocketTransport.enabled()) {","    throw new Error('Transport created when disabled');","  }","","  EventEmitter.call(this);","  debug('constructor', transUrl);","","  var self = this;","  var url = urlUtils.addPath(transUrl, '/websocket');","  if (url.slice(0, 5) === 'https') {","    url = 'wss' + url.slice(5);","  } else {","    url = 'ws' + url.slice(4);","  }","  this.url = url;","","  this.ws = new WebsocketDriver(this.url, [], options);","  this.ws.onmessage = function(e) {","    debug('message event', e.data);","    self.emit('message', e.data);","  };","  // Firefox has an interesting bug. If a websocket connection is","  // created after onunload, it stays alive even when user","  // navigates away from the page. In such situation let's lie -","  // let's not open the ws connection at all. See:","  // https://github.com/sockjs/sockjs-client/issues/28","  // https://bugzilla.mozilla.org/show_bug.cgi?id=696085","  this.unloadRef = utils.unloadAdd(function() {","    debug('unload');","    self.ws.close();","  });","  this.ws.onclose = function(e) {","    debug('close event', e.code, e.reason);","    self.emit('close', e.code, e.reason);","    self._cleanup();","  };","  this.ws.onerror = function(e) {","    debug('error event', e);","    self.emit('close', 1006, 'WebSocket connection broken');","    self._cleanup();","  };","}","","inherits(WebSocketTransport, EventEmitter);","","WebSocketTransport.prototype.send = function(data) {","  var msg = '[' + data + ']';","  debug('send', msg);","  this.ws.send(msg);","};","","WebSocketTransport.prototype.close = function() {","  debug('close');","  var ws = this.ws;","  this._cleanup();","  if (ws) {","    ws.close();","  }","};","","WebSocketTransport.prototype._cleanup = function() {","  debug('_cleanup');","  var ws = this.ws;","  if (ws) {","    ws.onmessage = ws.onclose = ws.onerror = null;","  }","  utils.unloadDel(this.unloadRef);","  this.unloadRef = this.ws = null;","  this.removeAllListeners();","};","","WebSocketTransport.enabled = function() {","  debug('enabled');","  return !!WebsocketDriver;","};","WebSocketTransport.transportName = 'websocket';","","// In theory, ws should require 1 round trip. But in chrome, this is","// not very stable over SSL. Most likely a ws connection requires a","// separate SSL connection, in which case 2 round trips are an","// absolute minumum.","WebSocketTransport.roundTrips = 2;","","module.exports = WebSocketTransport;",""],"l":{"3":1,"10":1,"11":1,"12":1,"15":1,"16":0,"17":0,"20":0,"21":0,"23":0,"24":0,"25":0,"26":0,"28":0,"30":0,"32":0,"33":0,"34":0,"35":0,"43":0,"44":0,"45":0,"47":0,"48":0,"49":0,"50":0,"52":0,"53":0,"54":0,"55":0,"59":1,"61":1,"62":0,"63":0,"64":0,"67":1,"68":0,"69":0,"70":0,"71":0,"72":0,"76":1,"77":0,"78":0,"79":0,"80":0,"82":0,"83":0,"84":0,"87":1,"88":0,"89":0,"91":1,"97":1,"99":1}},"/home/travis/build/npmtest/node-npmtest-sockjs-client/node_modules/sockjs-client/lib/utils/event.js":{"path":"/home/travis/build/npmtest/node-npmtest-sockjs-client/node_modules/sockjs-client/lib/utils/event.js","s":{"1":1,"2":1,"3":1,"4":1,"5":0,"6":1,"7":0,"8":0,"9":0,"10":0,"11":0,"12":0,"13":0,"14":0,"15":0,"16":0,"17":0,"18":0,"19":0,"20":0,"21":0,"22":0,"23":0,"24":0,"25":0,"26":1,"27":0,"28":0,"29":0,"30":0,"31":1,"32":1},"b":{"1":[1,0,0],"2":[0,1],"3":[0,1],"4":[1,0],"5":[0,0],"6":[0,0],"7":[0,0],"8":[0,0],"9":[0,0],"10":[0,0],"11":[0,0],"12":[1,0]},"f":{"1":1,"2":0,"3":0,"4":0,"5":0,"6":0},"fnMap":{"1":{"name":"(anonymous_1)","line":12,"loc":{"start":{"line":12,"column":15},"end":{"line":12,"column":41}}},"2":{"name":"(anonymous_2)","line":25,"loc":{"start":{"line":25,"column":15},"end":{"line":25,"column":41}}},"3":{"name":"(anonymous_3)","line":34,"loc":{"start":{"line":34,"column":13},"end":{"line":34,"column":32}}},"4":{"name":"(anonymous_4)","line":47,"loc":{"start":{"line":47,"column":13},"end":{"line":47,"column":27}}},"5":{"name":"(anonymous_5)","line":53,"loc":{"start":{"line":53,"column":26},"end":{"line":53,"column":37}}},"6":{"name":"(anonymous_6)","line":61,"loc":{"start":{"line":61,"column":22},"end":{"line":61,"column":33}}}},"statementMap":{"1":{"start":{"line":3,"column":0},"end":{"line":3,"column":33}},"2":{"start":{"line":5,"column":0},"end":{"line":9,"column":3}},"3":{"start":{"line":11,"column":0},"end":{"line":59,"column":2}},"4":{"start":{"line":13,"column":4},"end":{"line":22,"column":5}},"5":{"start":{"line":14,"column":6},"end":{"line":14,"column":54}},"6":{"start":{"line":15,"column":11},"end":{"line":22,"column":5}},"7":{"start":{"line":19,"column":6},"end":{"line":19,"column":58}},"8":{"start":{"line":21,"column":6},"end":{"line":21,"column":49}},"9":{"start":{"line":26,"column":4},"end":{"line":31,"column":5}},"10":{"start":{"line":27,"column":6},"end":{"line":27,"column":57}},"11":{"start":{"line":28,"column":11},"end":{"line":31,"column":5}},"12":{"start":{"line":29,"column":6},"end":{"line":29,"column":58}},"13":{"start":{"line":30,"column":6},"end":{"line":30,"column":49}},"14":{"start":{"line":35,"column":4},"end":{"line":37,"column":5}},"15":{"start":{"line":36,"column":6},"end":{"line":36,"column":18}},"16":{"start":{"line":39,"column":4},"end":{"line":39,"column":31}},"17":{"start":{"line":40,"column":4},"end":{"line":40,"column":29}},"18":{"start":{"line":41,"column":4},"end":{"line":43,"column":5}},"19":{"start":{"line":42,"column":6},"end":{"line":42,"column":49}},"20":{"start":{"line":44,"column":4},"end":{"line":44,"column":15}},"21":{"start":{"line":48,"column":4},"end":{"line":50,"column":5}},"22":{"start":{"line":49,"column":6},"end":{"line":49,"column":27}},"23":{"start":{"line":54,"column":4},"end":{"line":57,"column":5}},"24":{"start":{"line":55,"column":6},"end":{"line":55,"column":22}},"25":{"start":{"line":56,"column":6},"end":{"line":56,"column":27}},"26":{"start":{"line":61,"column":0},"end":{"line":67,"column":2}},"27":{"start":{"line":62,"column":2},"end":{"line":64,"column":3}},"28":{"start":{"line":63,"column":4},"end":{"line":63,"column":11}},"29":{"start":{"line":65,"column":2},"end":{"line":65,"column":21}},"30":{"start":{"line":66,"column":2},"end":{"line":66,"column":42}},"31":{"start":{"line":71,"column":0},"end":{"line":73,"column":1}},"32":{"start":{"line":72,"column":2},"end":{"line":72,"column":56}}},"branchMap":{"1":{"line":8,"type":"binary-expr","locations":[{"start":{"line":8,"column":26},"end":{"line":8,"column":39}},{"start":{"line":8,"column":43},"end":{"line":8,"column":60}},{"start":{"line":8,"column":64},"end":{"line":8,"column":89}}]},"2":{"line":13,"type":"if","locations":[{"start":{"line":13,"column":4},"end":{"line":13,"column":4}},{"start":{"line":13,"column":4},"end":{"line":13,"column":4}}]},"3":{"line":15,"type":"if","locations":[{"start":{"line":15,"column":11},"end":{"line":15,"column":11}},{"start":{"line":15,"column":11},"end":{"line":15,"column":11}}]},"4":{"line":15,"type":"binary-expr","locations":[{"start":{"line":15,"column":15},"end":{"line":15,"column":30}},{"start":{"line":15,"column":34},"end":{"line":15,"column":52}}]},"5":{"line":26,"type":"if","locations":[{"start":{"line":26,"column":4},"end":{"line":26,"column":4}},{"start":{"line":26,"column":4},"end":{"line":26,"column":4}}]},"6":{"line":28,"type":"if","locations":[{"start":{"line":28,"column":11},"end":{"line":28,"column":11}},{"start":{"line":28,"column":11},"end":{"line":28,"column":11}}]},"7":{"line":28,"type":"binary-expr","locations":[{"start":{"line":28,"column":15},"end":{"line":28,"column":30}},{"start":{"line":28,"column":34},"end":{"line":28,"column":52}}]},"8":{"line":35,"type":"if","locations":[{"start":{"line":35,"column":4},"end":{"line":35,"column":4}},{"start":{"line":35,"column":4},"end":{"line":35,"column":4}}]},"9":{"line":41,"type":"if","locations":[{"start":{"line":41,"column":4},"end":{"line":41,"column":4}},{"start":{"line":41,"column":4},"end":{"line":41,"column":4}}]},"10":{"line":48,"type":"if","locations":[{"start":{"line":48,"column":4},"end":{"line":48,"column":4}},{"start":{"line":48,"column":4},"end":{"line":48,"column":4}}]},"11":{"line":62,"type":"if","locations":[{"start":{"line":62,"column":2},"end":{"line":62,"column":2}},{"start":{"line":62,"column":2},"end":{"line":62,"column":2}}]},"12":{"line":71,"type":"if","locations":[{"start":{"line":71,"column":0},"end":{"line":71,"column":0}},{"start":{"line":71,"column":0},"end":{"line":71,"column":0}}]}},"code":["'use strict';","","var random = require('./random');","","var onUnload = {}","  , afterUnload = false","    // detect google chrome packaged apps because they don't allow the 'unload' event","  , isChromePackagedApp = global.chrome && global.chrome.app && global.chrome.app.runtime","  ;","","module.exports = {","  attachEvent: function(event, listener) {","    if (typeof global.addEventListener !== 'undefined') {","      global.addEventListener(event, listener, false);","    } else if (global.document && global.attachEvent) {","      // IE quirks.","      // According to: http://stevesouders.com/misc/test-postmessage.php","      // the message gets delivered only to 'document', not 'window'.","      global.document.attachEvent('on' + event, listener);","      // I get 'window' for ie8.","      global.attachEvent('on' + event, listener);","    }","  }","",", detachEvent: function(event, listener) {","    if (typeof global.addEventListener !== 'undefined') {","      global.removeEventListener(event, listener, false);","    } else if (global.document && global.detachEvent) {","      global.document.detachEvent('on' + event, listener);","      global.detachEvent('on' + event, listener);","    }","  }","",", unloadAdd: function(listener) {","    if (isChromePackagedApp) {","      return null;","    }","","    var ref = random.string(8);","    onUnload[ref] = listener;","    if (afterUnload) {","      setTimeout(this.triggerUnloadCallbacks, 0);","    }","    return ref;","  }","",", unloadDel: function(ref) {","    if (ref in onUnload) {","      delete onUnload[ref];","    }","  }","",", triggerUnloadCallbacks: function() {","    for (var ref in onUnload) {","      onUnload[ref]();","      delete onUnload[ref];","    }","  }","};","","var unloadTriggered = function() {","  if (afterUnload) {","    return;","  }","  afterUnload = true;","  module.exports.triggerUnloadCallbacks();","};","","// 'unload' alone is not reliable in opera within an iframe, but we","// can't use `beforeunload` as IE fires it on javascript: links.","if (!isChromePackagedApp) {","  module.exports.attachEvent('unload', unloadTriggered);","}",""],"l":{"3":1,"5":1,"11":1,"13":1,"14":0,"15":1,"19":0,"21":0,"26":0,"27":0,"28":0,"29":0,"30":0,"35":0,"36":0,"39":0,"40":0,"41":0,"42":0,"44":0,"48":0,"49":0,"54":0,"55":0,"56":0,"61":1,"62":0,"63":0,"65":0,"66":0,"71":1,"72":1}},"/home/travis/build/npmtest/node-npmtest-sockjs-client/node_modules/sockjs-client/lib/utils/random.js":{"path":"/home/travis/build/npmtest/node-npmtest-sockjs-client/node_modules/sockjs-client/lib/utils/random.js","s":{"1":1,"2":1,"3":1,"4":0,"5":0,"6":0,"7":0,"8":0,"9":0,"10":0,"11":0,"12":0,"13":0},"b":{},"f":{"1":0,"2":0,"3":0},"fnMap":{"1":{"name":"(anonymous_1)","line":10,"loc":{"start":{"line":10,"column":10},"end":{"line":10,"column":27}}},"2":{"name":"(anonymous_2)","line":20,"loc":{"start":{"line":20,"column":10},"end":{"line":20,"column":24}}},"3":{"name":"(anonymous_3)","line":24,"loc":{"start":{"line":24,"column":16},"end":{"line":24,"column":30}}}},"statementMap":{"1":{"start":{"line":4,"column":0},"end":{"line":4,"column":31}},"2":{"start":{"line":8,"column":0},"end":{"line":8,"column":60}},"3":{"start":{"line":9,"column":0},"end":{"line":29,"column":2}},"4":{"start":{"line":11,"column":4},"end":{"line":11,"column":40}},"5":{"start":{"line":12,"column":4},"end":{"line":12,"column":43}},"6":{"start":{"line":13,"column":4},"end":{"line":13,"column":17}},"7":{"start":{"line":14,"column":4},"end":{"line":16,"column":5}},"8":{"start":{"line":15,"column":6},"end":{"line":15,"column":61}},"9":{"start":{"line":17,"column":4},"end":{"line":17,"column":24}},"10":{"start":{"line":21,"column":4},"end":{"line":21,"column":43}},"11":{"start":{"line":25,"column":4},"end":{"line":25,"column":36}},"12":{"start":{"line":26,"column":4},"end":{"line":26,"column":39}},"13":{"start":{"line":27,"column":4},"end":{"line":27,"column":44}}},"branchMap":{},"code":["'use strict';","","/* global crypto:true */","var crypto = require('crypto');","","// This string has length 32, a power of 2, so the modulus doesn't introduce a","// bias.","var _randomStringChars = 'abcdefghijklmnopqrstuvwxyz012345';","module.exports = {","  string: function(length) {","    var max = _randomStringChars.length;","    var bytes = crypto.randomBytes(length);","    var ret = [];","    for (var i = 0; i < length; i++) {","      ret.push(_randomStringChars.substr(bytes[i] % max, 1));","    }","    return ret.join('');","  }","",", number: function(max) {","    return Math.floor(Math.random() * max);","  }","",", numberString: function(max) {","    var t = ('' + (max - 1)).length;","    var p = new Array(t + 1).join('0');","    return (p + this.number(max)).slice(-t);","  }","};",""],"l":{"4":1,"8":1,"9":1,"11":0,"12":0,"13":0,"14":0,"15":0,"17":0,"21":0,"25":0,"26":0,"27":0}},"/home/travis/build/npmtest/node-npmtest-sockjs-client/node_modules/sockjs-client/lib/utils/url.js":{"path":"/home/travis/build/npmtest/node-npmtest-sockjs-client/node_modules/sockjs-client/lib/utils/url.js","s":{"1":1,"2":1,"3":1,"4":1,"5":1,"6":0,"7":0,"8":0,"9":0,"10":0,"11":0,"12":0,"13":0,"14":0,"15":0,"16":0,"17":0,"18":0,"19":0,"20":0,"21":0},"b":{"1":[1,0],"2":[0,0],"3":[0,0],"4":[0,0],"5":[0,0],"6":[0,0],"7":[0,0]},"f":{"1":0,"2":0,"3":0,"4":0,"5":0,"6":0},"fnMap":{"1":{"name":"(anonymous_1)","line":5,"loc":{"start":{"line":5,"column":12},"end":{"line":5,"column":23}}},"2":{"name":"(anonymous_2)","line":11,"loc":{"start":{"line":11,"column":13},"end":{"line":11,"column":27}}},"3":{"name":"(anonymous_3)","line":29,"loc":{"start":{"line":29,"column":17},"end":{"line":29,"column":32}}},"4":{"name":"(anonymous_4)","line":35,"loc":{"start":{"line":35,"column":17},"end":{"line":35,"column":32}}},"5":{"name":"(anonymous_5)","line":39,"loc":{"start":{"line":39,"column":11},"end":{"line":39,"column":32}}},"6":{"name":"(anonymous_6)","line":44,"loc":{"start":{"line":44,"column":12},"end":{"line":44,"column":30}}}},"statementMap":{"1":{"start":{"line":3,"column":0},"end":{"line":3,"column":31}},"2":{"start":{"line":5,"column":0},"end":{"line":5,"column":26}},"3":{"start":{"line":6,"column":0},"end":{"line":8,"column":1}},"4":{"start":{"line":7,"column":2},"end":{"line":7,"column":54}},"5":{"start":{"line":10,"column":0},"end":{"line":47,"column":2}},"6":{"start":{"line":12,"column":4},"end":{"line":14,"column":5}},"7":{"start":{"line":13,"column":6},"end":{"line":13,"column":18}},"8":{"start":{"line":16,"column":4},"end":{"line":16,"column":25}},"9":{"start":{"line":17,"column":4},"end":{"line":19,"column":5}},"10":{"start":{"line":18,"column":6},"end":{"line":18,"column":18}},"11":{"start":{"line":21,"column":4},"end":{"line":21,"column":22}},"12":{"start":{"line":22,"column":4},"end":{"line":24,"column":5}},"13":{"start":{"line":23,"column":6},"end":{"line":23,"column":54}},"14":{"start":{"line":26,"column":4},"end":{"line":26,"column":55}},"15":{"start":{"line":30,"column":4},"end":{"line":30,"column":54}},"16":{"start":{"line":31,"column":4},"end":{"line":31,"column":29}},"17":{"start":{"line":32,"column":4},"end":{"line":32,"column":15}},"18":{"start":{"line":36,"column":4},"end":{"line":36,"column":49}},"19":{"start":{"line":40,"column":4},"end":{"line":40,"column":28}},"20":{"start":{"line":41,"column":4},"end":{"line":41,"column":53}},"21":{"start":{"line":45,"column":4},"end":{"line":45,"column":67}}},"branchMap":{"1":{"line":6,"type":"if","locations":[{"start":{"line":6,"column":0},"end":{"line":6,"column":0}},{"start":{"line":6,"column":0},"end":{"line":6,"column":0}}]},"2":{"line":12,"type":"if","locations":[{"start":{"line":12,"column":4},"end":{"line":12,"column":4}},{"start":{"line":12,"column":4},"end":{"line":12,"column":4}}]},"3":{"line":17,"type":"if","locations":[{"start":{"line":17,"column":4},"end":{"line":17,"column":4}},{"start":{"line":17,"column":4},"end":{"line":17,"column":4}}]},"4":{"line":22,"type":"if","locations":[{"start":{"line":22,"column":4},"end":{"line":22,"column":4}},{"start":{"line":22,"column":4},"end":{"line":22,"column":4}}]},"5":{"line":23,"type":"cond-expr","locations":[{"start":{"line":23,"column":41},"end":{"line":23,"column":46}},{"start":{"line":23,"column":49},"end":{"line":23,"column":53}}]},"6":{"line":41,"type":"cond-expr","locations":[{"start":{"line":41,"column":35},"end":{"line":41,"column":46}},{"start":{"line":41,"column":49},"end":{"line":41,"column":51}}]},"7":{"line":45,"type":"cond-expr","locations":[{"start":{"line":45,"column":45},"end":{"line":45,"column":52}},{"start":{"line":45,"column":57},"end":{"line":45,"column":64}}]}},"code":["'use strict';","","var URL = require('url-parse');","","var debug = function() {};","if (process.env.NODE_ENV !== 'production') {","  debug = require('debug')('sockjs-client:utils:url');","}","","module.exports = {","  getOrigin: function(url) {","    if (!url) {","      return null;","    }","","    var p = new URL(url);","    if (p.protocol === 'file:') {","      return null;","    }","","    var port = p.port;","    if (!port) {","      port = (p.protocol === 'https:') ? '443' : '80';","    }","","    return p.protocol + '//' + p.hostname + ':' + port;","  }","",", isOriginEqual: function(a, b) {","    var res = this.getOrigin(a) === this.getOrigin(b);","    debug('same', a, b, res);","    return res;","  }","",", isSchemeEqual: function(a, b) {","    return (a.split(':')[0] === b.split(':')[0]);","  }","",", addPath: function (url, path) {","    var qs = url.split('?');","    return qs[0] + path + (qs[1] ? '?' + qs[1] : '');","  }","",", addQuery: function (url, q) {","    return url + (url.indexOf('?') === -1 ? ('?' + q) : ('&' + q));","  }","};",""],"l":{"3":1,"5":1,"6":1,"7":1,"10":1,"12":0,"13":0,"16":0,"17":0,"18":0,"21":0,"22":0,"23":0,"26":0,"30":0,"31":0,"32":0,"36":0,"40":0,"41":0,"45":0}},"/home/travis/build/npmtest/node-npmtest-sockjs-client/node_modules/sockjs-client/lib/transport/driver/websocket.js":{"path":"/home/travis/build/npmtest/node-npmtest-sockjs-client/node_modules/sockjs-client/lib/transport/driver/websocket.js","s":{"1":1},"b":{},"f":{},"fnMap":{},"statementMap":{"1":{"start":{"line":1,"column":0},"end":{"line":1,"column":50}}},"branchMap":{},"code":["module.exports = require('faye-websocket').Client;",""],"l":{"1":1}},"/home/travis/build/npmtest/node-npmtest-sockjs-client/node_modules/sockjs-client/lib/transport/xhr-streaming.js":{"path":"/home/travis/build/npmtest/node-npmtest-sockjs-client/node_modules/sockjs-client/lib/transport/xhr-streaming.js","s":{"1":1,"2":1,"3":0,"4":0,"5":0,"6":1,"7":1,"8":0,"9":0,"10":0,"11":0,"12":0,"13":1,"14":1,"15":1,"16":1},"b":{"1":[0,0],"2":[0,0],"3":[0,0],"4":[0,0]},"f":{"1":0,"2":0},"fnMap":{"1":{"name":"XhrStreamingTransport","line":11,"loc":{"start":{"line":11,"column":0},"end":{"line":11,"column":41}}},"2":{"name":"(anonymous_2)","line":20,"loc":{"start":{"line":20,"column":32},"end":{"line":20,"column":47}}}},"statementMap":{"1":{"start":{"line":3,"column":0},"end":{"line":9,"column":3}},"2":{"start":{"line":11,"column":0},"end":{"line":16,"column":1}},"3":{"start":{"line":12,"column":2},"end":{"line":14,"column":3}},"4":{"start":{"line":13,"column":4},"end":{"line":13,"column":55}},"5":{"start":{"line":15,"column":2},"end":{"line":15,"column":88}},"6":{"start":{"line":18,"column":0},"end":{"line":18,"column":52}},"7":{"start":{"line":20,"column":0},"end":{"line":31,"column":2}},"8":{"start":{"line":21,"column":2},"end":{"line":23,"column":3}},"9":{"start":{"line":22,"column":4},"end":{"line":22,"column":17}},"10":{"start":{"line":26,"column":2},"end":{"line":28,"column":3}},"11":{"start":{"line":27,"column":4},"end":{"line":27,"column":17}},"12":{"start":{"line":30,"column":2},"end":{"line":30,"column":31}},"13":{"start":{"line":33,"column":0},"end":{"line":33,"column":54}},"14":{"start":{"line":34,"column":0},"end":{"line":34,"column":37}},"15":{"start":{"line":39,"column":0},"end":{"line":39,"column":51}},"16":{"start":{"line":41,"column":0},"end":{"line":41,"column":39}}},"branchMap":{"1":{"line":12,"type":"if","locations":[{"start":{"line":12,"column":2},"end":{"line":12,"column":2}},{"start":{"line":12,"column":2},"end":{"line":12,"column":2}}]},"2":{"line":12,"type":"binary-expr","locations":[{"start":{"line":12,"column":6},"end":{"line":12,"column":29}},{"start":{"line":12,"column":33},"end":{"line":12,"column":55}}]},"3":{"line":21,"type":"if","locations":[{"start":{"line":21,"column":2},"end":{"line":21,"column":2}},{"start":{"line":21,"column":2},
[...]
"2":{"start":{"line":10,"column":0},"end":{"line":19,"column":1}},"3":{"start":{"line":11,"column":2},"end":{"line":11,"column":18}},"4":{"start":{"line":12,"column":2},"end":{"line":12,"column":26}},"5":{"start":{"line":14,"column":2},"end":{"line":14,"column":51}},"6":{"start":{"line":15,"column":2},"end":{"line":18,"column":5}},"7":{"start":{"line":16,"column":4},"end":{"line":16,"column":19}},"8":{"start":{"line":17,"column":4},"end":{"line":17,"column":55}},"9":{"start":{"line":21,"column":0},"end":{"line":21,"column":43}},"10":{"start":{"line":23,"column":0},"end":{"line":23,"column":58}},"11":{"start":{"line":25,"column":0},"end":{"line":31,"column":2}},"12":{"start":{"line":26,"column":2},"end":{"line":29,"column":3}},"13":{"start":{"line":27,"column":4},"end":{"line":27,"column":20}},"14":{"start":{"line":28,"column":4},"end":{"line":28,"column":19}},"15":{"start":{"line":30,"column":2},"end":{"line":30,"column":28}},"16":{"start":{"line":33,"column":0},"end":{"line":33,"column":36}}},"branchMap":{"1":{"line":26,"type":"if","locations":[{"start":{"line":26,"column":2},"end":{"line":26,"column":2}},{"start":{"line":26,"column":2},"end":{"line":26,"column":2}}]}},"code":["'use strict';","","var inherits = require('inherits')","  , EventEmitter = require('events').EventEmitter","  , JSON3 = require('json3')","  , XHRLocalObject = require('./transport/sender/xhr-local')","  , InfoAjax = require('./info-ajax')","  ;","","function InfoReceiverIframe(transUrl) {","  var self = this;","  EventEmitter.call(this);","","  this.ir = new InfoAjax(transUrl, XHRLocalObject);","  this.ir.once('finish', function(info, rtt) {","    self.ir = null;","    self.emit('message', JSON3.stringify([info, rtt]));","  });","}","","inherits(InfoReceiverIframe, EventEmitter);","","InfoReceiverIframe.transportName = 'iframe-info-receiver';","","InfoReceiverIframe.prototype.close = function() {","  if (this.ir) {","    this.ir.close();","    this.ir = null;","  }","  this.removeAllListeners();","};","","module.exports = InfoReceiverIframe;",""],"l":{"3":1,"10":1,"11":0,"12":0,"14":0,"15":0,"16":0,"17":0,"21":1,"23":1,"25":1,"26":0,"27":0,"28":0,"30":0,"33":1}},"/home/travis/build/npmtest/node-npmtest-sockjs-client/node_modules/sockjs-client/lib/info-ajax.js":{"path":"/home/travis/build/npmtest/node-npmtest-sockjs-client/node_modules/sockjs-client/lib/info-ajax.js","s":{"1":1,"2":1,"3":1,"4":1,"5":1,"6":0,"7":0,"8":0,"9":0,"10":0,"11":0,"12":0,"13":0,"14":0,"15":0,"16":0,"17":0,"18":0,"19":0,"20":0,"21":0,"22":1,"23":1,"24":0,"25":0,"26":1},"b":{"1":[1,0],"2":[0,0],"3":[0,0],"4":[0,0]},"f":{"1":0,"2":0,"3":0,"4":0},"fnMap":{"1":{"name":"(anonymous_1)","line":9,"loc":{"start":{"line":9,"column":12},"end":{"line":9,"column":23}}},"2":{"name":"InfoAjax","line":14,"loc":{"start":{"line":14,"column":0},"end":{"line":14,"column":35}}},"3":{"name":"(anonymous_3)","line":21,"loc":{"start":{"line":21,"column":25},"end":{"line":21,"column":48}}},"4":{"name":"(anonymous_4)","line":44,"loc":{"start":{"line":44,"column":27},"end":{"line":44,"column":38}}}},"statementMap":{"1":{"start":{"line":3,"column":0},"end":{"line":7,"column":3}},"2":{"start":{"line":9,"column":0},"end":{"line":9,"column":26}},"3":{"start":{"line":10,"column":0},"end":{"line":12,"column":1}},"4":{"start":{"line":11,"column":2},"end":{"line":11,"column":54}},"5":{"start":{"line":14,"column":0},"end":{"line":40,"column":1}},"6":{"start":{"line":15,"column":2},"end":{"line":15,"column":26}},"7":{"start":{"line":17,"column":2},"end":{"line":17,"column":18}},"8":{"start":{"line":18,"column":2},"end":{"line":18,"column":23}},"9":{"start":{"line":19,"column":2},"end":{"line":19,"column":39}},"10":{"start":{"line":21,"column":2},"end":{"line":39,"column":5}},"11":{"start":{"line":22,"column":4},"end":{"line":22,"column":18}},"12":{"start":{"line":23,"column":4},"end":{"line":36,"column":5}},"13":{"start":{"line":24,"column":6},"end":{"line":24,"column":31}},"14":{"start":{"line":25,"column":6},"end":{"line":31,"column":7}},"15":{"start":{"line":26,"column":8},"end":{"line":30,"column":9}},"16":{"start":{"line":27,"column":10},"end":{"line":27,"column":35}},"17":{"start":{"line":29,"column":10},"end":{"line":29,"column":34}},"18":{"start":{"line":33,"column":6},"end":{"line":35,"column":7}},"19":{"start":{"line":34,"column":8},"end":{"line":34,"column":18}},"20":{"start":{"line":37,"column":4},"end":{"line":37,"column":35}},"21":{"start":{"line":38,"column":4},"end":{"line":38,"column":30}},"22":{"start":{"line":42,"column":0},"end":{"line":42,"column":33}},"23":{"start":{"line":44,"column":0},"end":{"line":47,"column":2}},"24":{"start":{"line":45,"column":2},"end":{"line":45,"column":28}},"25":{"start":{"line":46,"column":2},"end":{"line":46,"column":18}},"26":{"start":{"line":49,"column":0},"end":{"line":49,"column":26}}},"branchMap":{"1":{"line":10,"type":"if","locations":[{"start":{"line":10,"column":0},"end":{"line":10,"column":0}},{"start":{"line":10,"column":0},"end":{"line":10,"column":0}}]},"2":{"line":23,"type":"if","locations":[{"start":{"line":23,"column":4},"end":{"line":23,"column":4}},{"start":{"line":23,"column":4},"end":{"line":23,"column":4}}]},"3":{"line":25,"type":"if","locations":[{"start":{"line":25,"column":6},"end":{"line":25,"column":6}},{"start":{"line":25,"column":6},"end":{"line":25,"column":6}}]},"4":{"line":33,"type":"if","locations":[{"start":{"line":33,"column":6},"end":{"line":33,"column":6}},{"start":{"line":33,"column":6},"end":{"line":33,"column":6}}]}},"code":["'use strict';","","var EventEmitter = require('events').EventEmitter","  , inherits = require('inherits')","  , JSON3 = require('json3')","  , objectUtils = require('./utils/object')","  ;","","var debug = function() {};","if (process.env.NODE_ENV !== 'production') {","  debug = require('debug')('sockjs-client:info-ajax');","}","","function InfoAjax(url, AjaxObject) {","  EventEmitter.call(this);","","  var self = this;","  var t0 = +new Date();","  this.xo = new AjaxObject('GET', url);","","  this.xo.once('finish', function(status, text) {","    var info, rtt;","    if (status === 200) {","      rtt = (+new Date()) - t0;","      if (text) {","        try {","          info = JSON3.parse(text);","        } catch (e) {","          debug('bad json', text);","        }","      }","","      if (!objectUtils.isObject(info)) {","        info = {};","      }","    }","    self.emit('finish', info, rtt);","    self.removeAllListeners();","  });","}","","inherits(InfoAjax, EventEmitter);","","InfoAjax.prototype.close = function() {","  this.removeAllListeners();","  this.xo.close();","};","","module.exports = InfoAjax;",""],"l":{"3":1,"9":1,"10":1,"11":1,"14":1,"15":0,"17":0,"18":0,"19":0,"21":0,"22":0,"23":0,"24":0,"25":0,"26":0,"27":0,"29":0,"33":0,"34":0,"37":0,"38":0,"42":1,"44":1,"45":0,"46":0,"49":1}},"/home/travis/build/npmtest/node-npmtest-sockjs-client/node_modules/sockjs-client/lib/iframe-bootstrap.js":{"path":"/home/travis/build/npmtest/node-npmtest-sockjs-client/node_modules/sockjs-client/lib/iframe-bootstrap.js","s":{"1":1,"2":1,"3":1,"4":1,"5":1,"6":1,"7":1,"8":11,"9":3,"10":1,"11":1,"12":1,"13":0,"14":0,"15":0,"16":0,"17":0,"18":0,"19":0,"20":0,"21":0,"22":0,"23":0,"24":0,"25":0,"26":0,"27":0,"28":0,"29":0,"30":0,"31":0,"32":0,"33":0,"34":0,"35":0,"36":0,"37":0,"38":0,"39":0,"40":0,"41":0,"42":0,"43":0,"44":0,"45":0,"46":0,"47":0,"48":0,"49":0,"50":0,"51":0,"52":0,"53":0},"b":{"1":[1,0],"2":[3,8],"3":[0,0],"4":[0,0],"5":[0,0],"6":[0,0],"7":[0,0,0],"8":[0,0],"9":[0,0],"10":[0,0],"11":[0,0]},"f":{"1":0,"2":1,"3":11,"4":0,"5":0},"fnMap":{"1":{"name":"(anonymous_1)","line":12,"loc":{"start":{"line":12,"column":12},"end":{"line":12,"column":23}}},"2":{"name":"(anonymous_2)","line":17,"loc":{"start":{"line":17,"column":17},"end":{"line":17,"column":55}}},"3":{"name":"(anonymous_3)","line":19,"loc":{"start":{"line":19,"column":30},"end":{"line":19,"column":43}}},"4":{"name":"(anonymous_4)","line":31,"loc":{"start":{"line":31,"column":28},"end":{"line":31,"column":39}}},"5":{"name":"(anonymous_5)","line":35,"loc":{"start":{"line":35,"column":20},"end":{"line":35,"column":32}}}},"statementMap":{"1":{"start":{"line":3,"column":0},"end":{"line":10,"column":3}},"2":{"start":{"line":12,"column":0},"end":{"line":12,"column":26}},"3":{"start":{"line":13,"column":0},"end":{"line":15,"column":1}},"4":{"start":{"line":14,"column":2},"end":{"line":14,"column":61}},"5":{"start":{"line":17,"column":0},"end":{"line":102,"column":2}},"6":{"start":{"line":18,"column":2},"end":{"line":18,"column":24}},"7":{"start":{"line":19,"column":2},"end":{"line":23,"column":5}},"8":{"start":{"line":20,"column":4},"end":{"line":22,"column":5}},"9":{"start":{"line":21,"column":6},"end":{"line":21,"column":74}},"10":{"start":{"line":27,"column":2},"end":{"line":27,"column":70}},"11":{"start":{"line":28,"column":2},"end":{"line":28,"column":19}},"12":{"start":{"line":31,"column":2},"end":{"line":101,"column":4}},"13":{"start":{"line":33,"column":4},"end":{"line":33,"column":15}},"14":{"start":{"line":34,"column":4},"end":{"line":34,"column":52}},"15":{"start":{"line":35,"column":4},"end":{"line":95,"column":6}},"16":{"start":{"line":36,"column":6},"end":{"line":38,"column":7}},"17":{"start":{"line":37,"column":8},"end":{"line":37,"column":15}},"18":{"start":{"line":39,"column":6},"end":{"line":41,"column":7}},"19":{"start":{"line":40,"column":8},"end":{"line":40,"column":32}},"20":{"start":{"line":42,"column":6},"end":{"line":44,"column":7}},"21":{"start":{"line":43,"column":8},"end":{"line":43,"column":15}},"22":{"start":{"line":46,"column":6},"end":{"line":46,"column":24}},"23":{"start":{"line":47,"column":6},"end":{"line":52,"column":7}},"24":{"start":{"line":48,"column":8},"end":{"line":48,"column":44}},"25":{"start":{"line":50,"column":8},"end":{"line":50,"column":34}},"26":{"start":{"line":51,"column":8},"end":{"line":51,"column":15}},"27":{"start":{"line":54,"column":6},"end":{"line":56,"column":7}},"28":{"start":{"line":55,"column":8},"end":{"line":55,"column":15}},"29":{"start":{"line":57,"column":6},"end":{"line":94,"column":7}},"30":{"start":{"line":59,"column":8},"end":{"line":59,"column":14}},"31":{"start":{"line":60,"column":8},"end":{"line":65,"column":9}},"32":{"start":{"line":61,"column":10},"end":{"line":61,"column":46}},"33":{"start":{"line":63,"column":10},"end":{"line":63,"column":48}},"34":{"start":{"line":64,"column":10},"end":{"line":64,"column":16}},"35":{"start":{"line":66,"column":8},"end":{"line":66,"column":27}},"36":{"start":{"line":67,"column":8},"end":{"line":67,"column":29}},"37":{"start":{"line":68,"column":8},"end":{"line":68,"column":28}},"38":{"start":{"line":69,"column":8},"end":{"line":69,"column":27}},"39":{"start":{"line":70,"column":8},"end":{"line":70,"column":53}},"40":{"start":{"line":72,"column":8},"end":{"line":76,"column":9}},"41":{"start":{"line":73,"column":10},"end":{"line":75,"column":50}},"42":{"start":{"line":78,"column":8},"end":{"line":82,"column":9}},"43":{"start":{"line":80,"column":10},"end":{"line":81,"column":85}},"44":{"start":{"line":83,"column":8},"end":{"line":83,"column":78}},"45":{"start":{"line":84,"column":8},"end":{"line":84,"column":14}},"46":{"start":{"line":86,"column":8},"end":{"line":86,"column":41}},"47":{"start":{"line":87,"column":8},"end":{"line":87,"column":14}},"48":{"start":{"line":89,"column":8},"end":{"line":91,"column":9}},"49":{"start":{"line":90,"column":10},"end":{"line":90,"column":26}},"50":{"start":{"line":92,"column":8},"end":{"line":92,"column":22}},"51":{"start":{"line":93,"column":8},"end":{"line":93,"column":14}},"52":{"start":{"line":97,"column":4},"end":{"line":97,"column":49}},"53":{"start":{"line":100,"column":4},"end":{"line":100,"column":33}}},"branchMap":{"1":{"line":13,"type":"if","locations":[{"start":{"line":13,"column":0},"end":{"line":13,"column":0}},{"start":{"line":13,"column":0},"end":{"line":13,"column":0}}]},"2":{"line":20,"type":"if","locations":[{"start":{"line":20,"column":4},"end":{"line":20,"column":4}},{"start":{"line":20,"column":4},"end":{"line":20,"column":4}}]},"3":{"line":36,"type":"if","locations":[{"start":{"line":36,"column":6},"end":{"line":36,"column":6}},{"start":{"line":36,"column":6},"end":{"line":36,"column":6}}]},"4":{"line":39,"type":"if","locations":[{"start":{"line":39,"column":6},"end":{"line":39,"column":6}},{"start":{"line":39,"column":6},"end":{"line":39,"column":6}}]},"5":{"line":42,"type":"if","locations":[{"start":{"line":42,"column":6},"end":{"line":42,"column":6}},{"start":{"line":42,"column":6},"end":{"line":42,"column":6}}]},"6":{"line":54,"type":"if","locations":[{"start":{"line":54,"column":6},"end":{"line":54,"column":6}},{"start":{"line":54,"column":6},"end":{"line":54,"column":6}}]},"7":{"line":57,"type":"switch","locations":[{"start":{"line":58,"column":6},"end":{"line":84,"column":14}},{"start":{"line":85,"column":6},"end":{"line":87,"column":14}},{"start":{"line":88,"column":6},"end":{"line":93,"column":14}}]},"8":{"line":72,"type":"if","locations":[{"start":{"line":72,"column":8},"end":{"line":72,"column":8}},{"start":{"line":72,"column":8},"end":{"line":72,"column":8}}]},"9":{"line":78,"type":"if","locations":[{"start":{"line":78,"column":8},"end":{"line":78,"column":8}},{"start":{"line":78,"column":8},"end":{"line":78,"column":8}}]},"10":{"line":78,"type":"binary-expr","locations":[{"start":{"line":78,"column":12},"end":{"line":78,"column":55}},{"start":{"line":79,"column":12},"end":{"line":79,"column":54}}]},"11":{"line":89,"type":"if","locations":[{"start":{"line":89,"column":8},"end":{"line":89,"column":8}},{"start":{"line":89,"column":8},"end":{"line":89,"column":8}}]}},"code":["'use strict';","","var urlUtils = require('./utils/url')","  , eventUtils = require('./utils/event')","  , JSON3 = require('json3')","  , FacadeJS = require('./facade')","  , InfoIframeReceiver = require('./info-iframe-receiver')","  , iframeUtils = require('./utils/iframe')","  , loc = require('./location')","  ;","","var debug = function() {};","if (process.env.NODE_ENV !== 'production') {","  debug = require('debug')('sockjs-client:iframe-bootstrap');","}","","module.exports = function(SockJS, availableTransports) {","  var transportMap = {};","  availableTransports.forEach(function(at) {","    if (at.facadeTransport) {","      transportMap[at.facadeTransport.transportName] = at.facadeTransport;","    }","  });","","  // hard-coded for the info iframe","  // TODO see if we can make this more dynamic","  transportMap[InfoIframeReceiver.transportName] = InfoIframeReceiver;","  var parentOrigin;","","  /* eslint-disable camelcase */","  SockJS.bootstrap_iframe = function() {","    /* eslint-enable camelcase */","    var facade;","    iframeUtils.currentWindowId = loc.hash.slice(1);","    var onMessage = function(e) {","      if (e.source !== parent) {","        return;","      }","      if (typeof parentOrigin === 'undefined') {","        parentOrigin = e.origin;","      }","      if (e.origin !== parentOrigin) {","        return;","      }","","      var iframeMessage;","      try {","        iframeMessage = JSON3.parse(e.data);","      } catch (ignored) {","        debug('bad json', e.data);","        return;","      }","","      if (iframeMessage.windowId !== iframeUtils.currentWindowId) {","        return;","      }","      switch (iframeMessage.type) {","      case 's':","        var p;","        try {","          p = JSON3.parse(iframeMessage.data);","        } catch (ignored) {","          debug('bad json', iframeMessage.data);","          break;","        }","        var version = p[0];","        var transport = p[1];","        var transUrl = p[2];","        var baseUrl = p[3];","        debug(version, transport, transUrl, baseUrl);","        // change this to semver logic","        if (version !== SockJS.version) {","          throw new Error('Incompatible SockJS! Main site uses:' +","                    ' \"' + version + '\", the iframe:' +","                    ' \"' + SockJS.version + '\".');","        }","","        if (!urlUtils.isOriginEqual(transUrl, loc.href) ||","            !urlUtils.isOriginEqual(baseUrl, loc.href)) {","          throw new Error('Can\\'t connect to different domain from within an ' +","                    'iframe. (' + loc.href + ', ' + transUrl + ', ' + baseUrl + ')');","        }","        facade = new FacadeJS(new transportMap[transport](transUrl, baseUrl));","        break;","      case 'm':","        facade._send(iframeMessage.data);","        break;","      case 'c':","        if (facade) {","          facade._close();","        }","        facade = null;","        break;","      }","    };","","    eventUtils.attachEvent('message', onMessage);","","    // Start","    iframeUtils.postMessage('s');","  };","};",""],"l":{"3":1,"12":1,"13":1,"14":1,"17":1,"18":1,"19":1,"20":11,"21":3,"27":1,"28":1,"31":1,"33":0,"34":0,"35":0,"36":0,"37":0,"39":0,"40":0,"42":0,"43":0,"46":0,"47":0,"48":0,"50":0,"51":0,"54":0,"55":0,"57":0,"59":0,"60":0,"61":0,"63":0,"64":0,"66":0,"67":0,"68":0,"69":0,"70":0,"72":0,"73":0,"78":0,"80":0,"83":0,"84":0,"86":0,"87":0,"89":0,"90":0,"92":0,"93":0,"97":0,"100":0}},"/home/travis/build/npmtest/node-npmtest-sockjs-client/node_modules/sockjs-client/lib/facade.js":{"path":"/home/travis/build/npmtest/node-npmtest-sockjs-client/node_modules/sockjs-client/lib/facade.js","s":{"1":1,"2":1,"3":0,"4":0,"5":0,"6":1,"7":0,"8":1,"9":0,"10":1,"11":0,"12":1,"13":0,"14":0,"15":1},"b":{},"f":{"1":0,"2":0,"3":0,"4":0,"5":0},"fnMap":{"1":{"name":"FacadeJS","line":7,"loc":{"start":{"line":7,"column":0},"end":{"line":7,"column":29}}},"2":{"name":"(anonymous_2)","line":13,"loc":{"start":{"line":13,"column":37},"end":{"line":13,"column":60}}},"3":{"name":"(anonymous_3)","line":16,"loc":{"start":{"line":16,"column":39},"end":{"line":16,"column":55}}},"4":{"name":"(anonymous_4)","line":19,"loc":{"start":{"line":19,"column":27},"end":{"line":19,"column":42}}},"5":{"name":"(anonymous_5)","line":22,"loc":{"start":{"line":22,"column":28},"end":{"line":22,"column":39}}}},"statementMap":{"1":{"start":{"line":3,"column":0},"end":{"line":5,"column":3}},"2":{"start":{"line":7,"column":0},"end":{"line":11,"column":1}},"3":{"start":{"line":8,"column":2},"end":{"line":8,"column":30}},"4":{"start":{"line":9,"column":2},"end":{"line":9,"column":61}},"5":{"start":{"line":10,"column":2},"end":{"line":10,"column":57}},"6":{"start":{"line":13,"column":0},"end":{"line":15,"column":2}},"7":{"start":{"line":14,"column":2},"end":{"line":14,"column":64}},"8":{"start":{"line":16,"column":0},"end":{"line":18,"column":2}},"9":{"start":{"line":17,"column":2},"end":{"line":17,"column":38}},"10":{"start":{"line":19,"column":0},"end":{"line":21,"column":2}},"11":{"start":{"line":20,"column":2},"end":{"line":20,"column":29}},"12":{"start":{"line":22,"column":0},"end":{"line":25,"column":2}},"13":{"start":{"line":23,"column":2},"end":{"line":23,"column":26}},"14":{"start":{"line":24,"column":2},"end":{"line":24,"column":39}},"15":{"start":{"line":27,"column":0},"end":{"line":27,"column":26}}},"branchMap":{},"code":["'use strict';","","var JSON3 = require('json3')","  , iframeUtils = require('./utils/iframe')","  ;","","function FacadeJS(transport) {","  this._transport = transport;","  transport.on('message', this._transportMessage.bind(this));","  transport.on('close', this._transportClose.bind(this));","}","","FacadeJS.prototype._transportClose = function(code, reason) {","  iframeUtils.postMessage('c', JSON3.stringify([code, reason]));","};","FacadeJS.prototype._transportMessage = function(frame) {","  iframeUtils.postMessage('t', frame);","};","FacadeJS.prototype._send = function(data) {","  this._transport.send(data);","};","FacadeJS.prototype._close = function() {","  this._transport.close();","  this._transport.removeAllListeners();","};","","module.exports = FacadeJS;",""],"l":{"3":1,"7":1,"8":0,"9":0,"10":0,"13":1,"14":0,"16":1,"17":0,"19":1,"20":0,"22":1,"23":0,"24":0,"27":1}}}